#
# There is insufficient memory for the Java Runtime Environment to continue.
# Native memory allocation (malloc) failed to allocate 486656 bytes. Error detail: Chunk::new
# Possible reasons:
#   The system is out of physical RAM or swap space
#   This process is running with CompressedOops enabled, and the Java Heap may be blocking the growth of the native heap
# Possible solutions:
#   Reduce memory load on the system
#   Increase physical memory or swap space
#   Check if swap backing store is full
#   Decrease Java heap size (-Xmx/-Xms)
#   Decrease number of Java threads
#   Decrease Java thread stack sizes (-Xss)
#   Set larger code cache with -XX:ReservedCodeCacheSize=
#   JVM is running with Unscaled Compressed Oops mode in which the Java heap is
#     placed in the first 4GB address space. The Java Heap base address is the
#     maximum limit for the native heap growth. Please use -XX:HeapBaseMinAddress
#     to set the Java Heap base and to place the Java Heap above 4GB virtual address.
# This output file may be truncated or incomplete.
#
#  Out of Memory Error (arena.cpp:168), pid=17276, tid=11064
#
# JRE version: OpenJDK Runtime Environment Temurin-21.0.7+6 (21.0.7+6) (build 21.0.7+6-LTS)
# Java VM: OpenJDK 64-Bit Server VM Temurin-21.0.7+6 (21.0.7+6-LTS, mixed mode, sharing, tiered, compressed oops, compressed class ptrs, parallel gc, windows-amd64)
# No core dump will be written. Minidumps are not enabled by default on client versions of Windows
#

---------------  S U M M A R Y ------------

Command Line: --add-modules=ALL-SYSTEM --add-opens=java.base/java.util=ALL-UNNAMED --add-opens=java.base/java.lang=ALL-UNNAMED --add-opens=java.base/sun.nio.fs=ALL-UNNAMED -Declipse.application=org.eclipse.jdt.ls.core.id1 -Dosgi.bundles.defaultStartLevel=4 -Declipse.product=org.eclipse.jdt.ls.core.product -Djava.import.generatesMetadataFilesAtProjectRoot=false -DDetectVMInstallationsJob.disabled=true -Dfile.encoding=utf8 -XX:+UseParallelGC -XX:GCTimeRatio=4 -XX:AdaptiveSizePolicyWeight=90 -Dsun.zip.disableMemoryMapping=true -Xmx1G -Xms100m -Xlog:disable -javaagent:c:\Users\ACER\.vscode\extensions\redhat.java-1.42.0-win32-x64\lombok\lombok-1.18.36.jar -XX:+HeapDumpOnOutOfMemoryError -XX:HeapDumpPath=c:\Users\ACER\AppData\Roaming\Code\User\workspaceStorage\ad1ce73b0a7d8f95e3ffd31a788ce84a\redhat.java -Daether.dependencyCollector.impl=bf c:\Users\ACER\.vscode\extensions\redhat.java-1.42.0-win32-x64\server\plugins\org.eclipse.equinox.launcher_1.7.0.v20250424-1814.jar -configuration c:\Users\ACER\AppData\Roaming\Code\User\globalStorage\redhat.java\1.42.0\config_win -data c:\Users\ACER\AppData\Roaming\Code\User\workspaceStorage\ad1ce73b0a7d8f95e3ffd31a788ce84a\redhat.java\jdt_ws --pipe=\\.\pipe\lsp-3ffd6bd26453e2980a7aa7b1d9bd66d1-sock

Host: AMD Ryzen 3 3250U with Radeon Graphics         , 4 cores, 5G,  Windows 11 , 64 bit Build 26100 (10.0.26100.3037)
Time: Thu Jun 19 12:03:41 2025 India Standard Time elapsed time: 3.207072 seconds (0d 0h 0m 3s)

---------------  T H R E A D  ---------------

Current thread (0x00000154322b83c0):  JavaThread "C2 CompilerThread0" daemon [_thread_in_native, id=11064, stack(0x00000015d2700000,0x00000015d2800000) (1024K)]


Current CompileTask:
C2:3207  992   !   4       java.util.jar.Attributes::read (494 bytes)

Stack: [0x00000015d2700000,0x00000015d2800000]
Native frames: (J=compiled Java code, j=interpreted, Vv=VM code, C=native code)
V  [jvm.dll+0x6ce119]
V  [jvm.dll+0x8a84a1]
V  [jvm.dll+0x8aa9ce]
V  [jvm.dll+0x8ab0b3]
V  [jvm.dll+0x27f8a6]
V  [jvm.dll+0xc507d]
V  [jvm.dll+0xc55b3]
V  [jvm.dll+0x3b692c]
V  [jvm.dll+0x1dfe33]
V  [jvm.dll+0x247c42]
V  [jvm.dll+0x2470cf]
V  [jvm.dll+0x1c760e]
V  [jvm.dll+0x25695a]
V  [jvm.dll+0x254efa]
V  [jvm.dll+0x3f03f6]
V  [jvm.dll+0x851f6b]
V  [jvm.dll+0x6cc7dd]
C  [ucrtbase.dll+0x37b0]
C  [KERNEL32.DLL+0x2e8d7]
C  [ntdll.dll+0xbbf2c]


---------------  P R O C E S S  ---------------

Threads class SMR info:
_java_thread_list=0x000001547467bf70, length=11, elements={
0x000001541df7bac0, 0x00000154322ab8f0, 0x00000154322ad7b0, 0x00000154322b17d0,
0x00000154322b26a0, 0x00000154322b4f10, 0x00000154322b7980, 0x00000154322b83c0,
0x00000154323271c0, 0x000001543236e550, 0x00000154743cf730
}

Java Threads: ( => current thread )
  0x000001541df7bac0 JavaThread "main"                              [_thread_in_vm, id=10216, stack(0x00000015d1d00000,0x00000015d1e00000) (1024K)]
  0x00000154322ab8f0 JavaThread "Reference Handler"          daemon [_thread_blocked, id=9840, stack(0x00000015d2100000,0x00000015d2200000) (1024K)]
  0x00000154322ad7b0 JavaThread "Finalizer"                  daemon [_thread_blocked, id=15740, stack(0x00000015d2200000,0x00000015d2300000) (1024K)]
  0x00000154322b17d0 JavaThread "Signal Dispatcher"          daemon [_thread_blocked, id=13592, stack(0x00000015d2300000,0x00000015d2400000) (1024K)]
  0x00000154322b26a0 JavaThread "Attach Listener"            daemon [_thread_blocked, id=12720, stack(0x00000015d2400000,0x00000015d2500000) (1024K)]
  0x00000154322b4f10 JavaThread "Service Thread"             daemon [_thread_blocked, id=15688, stack(0x00000015d2500000,0x00000015d2600000) (1024K)]
  0x00000154322b7980 JavaThread "Monitor Deflation Thread"   daemon [_thread_blocked, id=10652, stack(0x00000015d2600000,0x00000015d2700000) (1024K)]
=>0x00000154322b83c0 JavaThread "C2 CompilerThread0"         daemon [_thread_in_native, id=11064, stack(0x00000015d2700000,0x00000015d2800000) (1024K)]
  0x00000154323271c0 JavaThread "C1 CompilerThread0"         daemon [_thread_blocked, id=5464, stack(0x00000015d2800000,0x00000015d2900000) (1024K)]
  0x000001543236e550 JavaThread "Common-Cleaner"             daemon [_thread_blocked, id=12992, stack(0x00000015d2900000,0x00000015d2a00000) (1024K)]
  0x00000154743cf730 JavaThread "Notification Thread"        daemon [_thread_blocked, id=3472, stack(0x00000015d2a00000,0x00000015d2b00000) (1024K)]
Total: 11

Other Threads:
  0x000001541e03a650 VMThread "VM Thread"                           [id=17036, stack(0x00000015d2000000,0x00000015d2100000) (1024K)]
  0x000001543224ca00 WatcherThread "VM Periodic Task Thread"        [id=6208, stack(0x00000015d1f00000,0x00000015d2000000) (1024K)]
  0x000001541df99f20 WorkerThread "GC Thread#0"                     [id=7188, stack(0x00000015d1e00000,0x00000015d1f00000) (1024K)]
Total: 3

Threads with active compile tasks:
C2 CompilerThread0  3274  992   !   4       java.util.jar.Attributes::read (494 bytes)
Total: 1

VM state: not at safepoint (normal execution)

VM Mutex/Monitor currently owned by a thread: None

Heap address: 0x00000000c0000000, size: 1024 MB, Compressed Oops mode: 32-bit

CDS archive(s) mapped at: [0x0000015433000000-0x0000015433ba0000-0x0000015433ba0000), size 12189696, SharedBaseAddress: 0x0000015433000000, ArchiveRelocationMode: 1.
Compressed class space mapped at: 0x0000015434000000-0x0000015474000000, reserved size: 1073741824
Narrow klass base: 0x0000015433000000, Narrow klass shift: 0, Narrow klass range: 0x100000000

GC Precious Log:
 CardTable entry size: 512
 CPUs: 4 total, 4 available
 Memory: 6081M
 Large Page Support: Disabled
 NUMA Support: Disabled
 Compressed Oops: Enabled (32-bit)
 Alignments: Space 512K, Generation 512K, Heap 2M
 Heap Min Capacity: 100M
 Heap Initial Capacity: 100M
 Heap Max Capacity: 1G
 Pre-touch: Disabled
 Parallel Workers: 4

Heap:
 PSYoungGen      total 29696K, used 21039K [0x00000000eab00000, 0x00000000ecc00000, 0x0000000100000000)
  eden space 25600K, 82% used [0x00000000eab00000,0x00000000ebf8bf00,0x00000000ec400000)
  from space 4096K, 0% used [0x00000000ec800000,0x00000000ec800000,0x00000000ecc00000)
  to   space 4096K, 0% used [0x00000000ec400000,0x00000000ec400000,0x00000000ec800000)
 ParOldGen       total 68608K, used 0K [0x00000000c0000000, 0x00000000c4300000, 0x00000000eab00000)
  object space 68608K, 0% used [0x00000000c0000000,0x00000000c0000000,0x00000000c4300000)
 Metaspace       used 3873K, committed 4096K, reserved 1114112K
  class space    used 418K, committed 512K, reserved 1048576K

Card table byte_map: [0x000001541d920000,0x000001541db30000] _byte_map_base: 0x000001541d320000

Marking Bits: (ParMarkBitMap*) 0x00007ffe430d31f0
 Begin Bits: [0x0000015430170000, 0x0000015431170000)
 End Bits:   [0x0000015431170000, 0x0000015432170000)

Polling page: 0x000001541bd70000

Metaspace:

Usage:
  Non-class:      3.38 MB used.
      Class:    419.02 KB used.
       Both:      3.79 MB used.

Virtual space:
  Non-class space:       64.00 MB reserved,       3.50 MB (  5%) committed,  1 nodes.
      Class space:        1.00 GB reserved,     512.00 KB ( <1%) committed,  1 nodes.
             Both:        1.06 GB reserved,       4.00 MB ( <1%) committed. 

Chunk freelists:
   Non-Class:  11.33 MB
       Class:  15.45 MB
        Both:  26.78 MB

MaxMetaspaceSize: unlimited
CompressedClassSpaceSize: 1.00 GB
Initial GC threshold: 21.00 MB
Current GC threshold: 21.00 MB
CDS: on
 - commit_granule_bytes: 65536.
 - commit_granule_words: 8192.
 - virtual_space_node_default_size: 8388608.
 - enlarge_chunks_in_place: 1.
 - use_allocation_guard: 0.


Internal statistics:

num_allocs_failed_limit: 0.
num_arena_births: 178.
num_arena_deaths: 0.
num_vsnodes_births: 2.
num_vsnodes_deaths: 0.
num_space_committed: 64.
num_space_uncommitted: 0.
num_chunks_returned_to_freelist: 0.
num_chunks_taken_from_freelist: 230.
num_chunk_merges: 0.
num_chunk_splits: 150.
num_chunks_enlarged: 87.
num_inconsistent_stats: 0.

CodeHeap 'non-profiled nmethods': size=120000Kb used=404Kb max_used=404Kb free=119595Kb
 bounds [0x0000015428c40000, 0x0000015428eb0000, 0x0000015430170000]
CodeHeap 'profiled nmethods': size=120000Kb used=1643Kb max_used=1643Kb free=118356Kb
 bounds [0x0000015421170000, 0x00000154213e0000, 0x00000154286a0000]
CodeHeap 'non-nmethods': size=5760Kb used=1190Kb max_used=1206Kb free=4569Kb
 bounds [0x00000154286a0000, 0x0000015428910000, 0x0000015428c40000]
 total_blobs=1473 nmethods=1022 adapters=358
 compilation: enabled
              stopped_count=0, restarted_count=0
 full_count=0

Compilation events (20 events):
Event: 3.127 Thread 0x00000154323271c0 1001       3       sun.security.util.DerOutputStream::putLength (147 bytes)
Event: 3.129 Thread 0x00000154323271c0 nmethod 1001 0x00000154212fa190 code [0x00000154212fa560, 0x00000154212fc9d8]
Event: 3.130 Thread 0x00000154323271c0 1003  s    3       java.util.Hashtable::get (69 bytes)
Event: 3.130 Thread 0x00000154323271c0 nmethod 1003 0x00000154212fd910 code [0x00000154212fdb00, 0x00000154212fe050]
Event: 3.130 Thread 0x00000154323271c0 1002       3       java.util.Hashtable::addEntry (87 bytes)
Event: 3.131 Thread 0x00000154323271c0 nmethod 1002 0x00000154212fe210 code [0x00000154212fe400, 0x00000154212fea30]
Event: 3.131 Thread 0x00000154323271c0 1004       3       sun.security.util.SignatureFileVerifier::updateSigners (132 bytes)
Event: 3.132 Thread 0x00000154323271c0 nmethod 1004 0x00000154212fec90 code [0x00000154212fef40, 0x00000154212ffde0]
Event: 3.133 Thread 0x00000154323271c0 1005       3       sun.security.util.SignatureFileVerifier::matches (89 bytes)
Event: 3.134 Thread 0x00000154323271c0 nmethod 1005 0x0000015421300390 code [0x0000015421300640, 0x0000015421301490]
Event: 3.187 Thread 0x00000154323271c0 1006   !   3       java.util.zip.Inflater::finished (19 bytes)
Event: 3.187 Thread 0x00000154323271c0 nmethod 1006 0x0000015421301a90 code [0x0000015421301c40, 0x0000015421301e40]
Event: 3.192 Thread 0x00000154323271c0 1007       3       java.lang.ClassLoader::getClassLoadingLock (35 bytes)
Event: 3.193 Thread 0x00000154323271c0 nmethod 1007 0x0000015421301f10 code [0x00000154213020e0, 0x00000154213023d0]
Event: 3.193 Thread 0x00000154323271c0 1008       3       java.io.InputStream::<init> (5 bytes)
Event: 3.193 Thread 0x00000154323271c0 nmethod 1008 0x0000015421302590 code [0x0000015421302740, 0x00000154213028a8]
Event: 3.196 Thread 0x00000154323271c0 1010       1       sun.security.x509.X509CertImpl::getEncodedInternal (5 bytes)
Event: 3.196 Thread 0x00000154323271c0 nmethod 1010 0x0000015428ca4610 code [0x0000015428ca47a0, 0x0000015428ca4868]
Event: 3.198 Thread 0x00000154323271c0 1011       3       java.lang.invoke.VarHandleGuards::guard_LII_V (135 bytes)
Event: 3.202 Thread 0x00000154323271c0 nmethod 1011 0x0000015421302990 code [0x0000015421302da0, 0x0000015421305110]

GC Heap History (0 events):
No events

Dll operation events (8 events):
Event: 0.021 Loaded shared library c:\Users\ACER\.vscode\extensions\redhat.java-1.42.0-win32-x64\jre\21.0.7-win32-x86_64\bin\java.dll
Event: 0.277 Loaded shared library c:\Users\ACER\.vscode\extensions\redhat.java-1.42.0-win32-x64\jre\21.0.7-win32-x86_64\bin\zip.dll
Event: 0.331 Loaded shared library C:\Users\ACER\.vscode\extensions\redhat.java-1.42.0-win32-x64\jre\21.0.7-win32-x86_64\bin\instrument.dll
Event: 0.387 Loaded shared library C:\Users\ACER\.vscode\extensions\redhat.java-1.42.0-win32-x64\jre\21.0.7-win32-x86_64\bin\net.dll
Event: 0.391 Loaded shared library C:\Users\ACER\.vscode\extensions\redhat.java-1.42.0-win32-x64\jre\21.0.7-win32-x86_64\bin\nio.dll
Event: 0.398 Loaded shared library C:\Users\ACER\.vscode\extensions\redhat.java-1.42.0-win32-x64\jre\21.0.7-win32-x86_64\bin\zip.dll
Event: 0.475 Loaded shared library C:\Users\ACER\.vscode\extensions\redhat.java-1.42.0-win32-x64\jre\21.0.7-win32-x86_64\bin\jimage.dll
Event: 1.081 Loaded shared library c:\Users\ACER\.vscode\extensions\redhat.java-1.42.0-win32-x64\jre\21.0.7-win32-x86_64\bin\verify.dll

Deoptimization events (20 events):
Event: 1.998 Thread 0x000001541df7bac0 DEOPT PACKING pc=0x0000015428c6f5dc sp=0x00000015d1dfde70
Event: 1.998 Thread 0x000001541df7bac0 DEOPT UNPACKING pc=0x00000154286f3aa2 sp=0x00000015d1dfddf0 mode 2
Event: 2.002 Thread 0x000001541df7bac0 Uncommon trap: trap_request=0xffffff6e fr.pc=0x0000015428c85e1c relative=0x00000000000001fc
Event: 2.002 Thread 0x000001541df7bac0 Uncommon trap: reason=loop_limit_check action=maybe_recompile pc=0x0000015428c85e1c method=java.math.BigInteger.implMulAdd([I[IIII)I @ 26 c2
Event: 2.002 Thread 0x000001541df7bac0 DEOPT PACKING pc=0x0000015428c85e1c sp=0x00000015d1dfd810
Event: 2.002 Thread 0x000001541df7bac0 DEOPT UNPACKING pc=0x00000154286f3aa2 sp=0x00000015d1dfd760 mode 2
Event: 2.235 Thread 0x000001541df7bac0 Uncommon trap: trap_request=0xffffff45 fr.pc=0x0000015428c8c52c relative=0x000000000000008c
Event: 2.235 Thread 0x000001541df7bac0 Uncommon trap: reason=unstable_if action=reinterpret pc=0x0000015428c8c52c method=jdk.internal.misc.Unsafe.convEndian(ZI)I @ 4 c2
Event: 2.235 Thread 0x000001541df7bac0 DEOPT PACKING pc=0x0000015428c8c52c sp=0x00000015d1dfdab0
Event: 2.235 Thread 0x000001541df7bac0 DEOPT UNPACKING pc=0x00000154286f3aa2 sp=0x00000015d1dfd9e0 mode 2
Event: 2.245 Thread 0x000001541df7bac0 Uncommon trap: trap_request=0xffffff45 fr.pc=0x0000015428c72550 relative=0x00000000000005f0
Event: 2.245 Thread 0x000001541df7bac0 Uncommon trap: reason=unstable_if action=reinterpret pc=0x0000015428c72550 method=java.lang.AbstractStringBuilder.append(Ljava/lang/String;)Ljava/lang/AbstractStringBuilder; @ 1 c2
Event: 2.245 Thread 0x000001541df7bac0 DEOPT PACKING pc=0x0000015428c72550 sp=0x00000015d1dfde10
Event: 2.246 Thread 0x000001541df7bac0 DEOPT UNPACKING pc=0x00000154286f3aa2 sp=0x00000015d1dfdda0 mode 2
Event: 2.260 Thread 0x000001541df7bac0 Uncommon trap: trap_request=0xffffff45 fr.pc=0x0000015428c7313c relative=0x00000000000005dc
Event: 2.260 Thread 0x000001541df7bac0 Uncommon trap: reason=unstable_if action=reinterpret pc=0x0000015428c7313c method=java.lang.AbstractStringBuilder.append(Ljava/lang/String;)Ljava/lang/AbstractStringBuilder; @ 1 c2
Event: 2.260 Thread 0x000001541df7bac0 DEOPT PACKING pc=0x0000015428c7313c sp=0x00000015d1dfddc0
Event: 2.260 Thread 0x000001541df7bac0 DEOPT UNPACKING pc=0x00000154286f3aa2 sp=0x00000015d1dfdda8 mode 2
Event: 2.392 Thread 0x000001541df7bac0 DEOPT PACKING pc=0x00000154212810fb sp=0x00000015d1dfd2b0
Event: 2.392 Thread 0x000001541df7bac0 DEOPT UNPACKING pc=0x00000154286f4242 sp=0x00000015d1dfc728 mode 0

Classes loaded (20 events):
Event: 2.972 Loading class sun/nio/fs/WindowsSecurity
Event: 2.973 Loading class sun/nio/fs/WindowsSecurity done
Event: 2.973 Loading class sun/nio/fs/WindowsFileStore
Event: 2.974 Loading class java/nio/file/FileStore
Event: 2.974 Loading class java/nio/file/FileStore done
Event: 2.974 Loading class sun/nio/fs/WindowsFileStore done
Event: 2.980 Loading class java/net/URLClassLoader$1
Event: 2.981 Loading class java/net/URLClassLoader$1 done
Event: 3.135 Loading class java/io/FilePermission$1
Event: 3.136 Loading class jdk/internal/access/JavaIOFilePermissionAccess
Event: 3.136 Loading class jdk/internal/access/JavaIOFilePermissionAccess done
Event: 3.136 Loading class java/io/FilePermission$1 done
Event: 3.137 Loading class java/io/FilePermissionCollection
Event: 3.137 Loading class java/io/FilePermissionCollection done
Event: 3.189 Loading class java/util/EventListener
Event: 3.190 Loading class java/util/EventListener done
Event: 3.190 Loading class java/lang/InterruptedException
Event: 3.190 Loading class java/lang/InterruptedException done
Event: 3.195 Loading class java/util/EventObject
Event: 3.195 Loading class java/util/EventObject done

Classes unloaded (0 events):
No events

Classes redefined (0 events):
No events

Internal exceptions (20 events):
Event: 0.728 Thread 0x000001541df7bac0 Exception <a 'java/lang/NoSuchMethodError'{0x00000000eaf7a128}: 'int java.lang.invoke.DirectMethodHandle$Holder.invokeSpecial(java.lang.Object, java.lang.Object, java.lang.Object)'> (0x00000000eaf7a128) 
thrown [s\src\hotspot\share\interpreter\linkResolver.cpp, line 773]
Event: 0.732 Thread 0x000001541df7bac0 Exception <a 'java/lang/NoSuchMethodError'{0x00000000eaf85de8}: 'java.lang.Object java.lang.invoke.DirectMethodHandle$Holder.invokeStatic(java.lang.Object, java.lang.Object, int)'> (0x00000000eaf85de8) 
thrown [s\src\hotspot\share\interpreter\linkResolver.cpp, line 773]
Event: 0.733 Thread 0x000001541df7bac0 Exception <a 'java/lang/NoSuchMethodError'{0x00000000eaf8a738}: 'void java.lang.invoke.DirectMethodHandle$Holder.invokeStatic(java.lang.Object, java.lang.Object, int, java.lang.Object)'> (0x00000000eaf8a738) 
thrown [s\src\hotspot\share\interpreter\linkResolver.cpp, line 773]
Event: 0.734 Thread 0x000001541df7bac0 Exception <a 'java/lang/NoSuchMethodError'{0x00000000eaf8e2c8}: 'void java.lang.invoke.DirectMethodHandle$Holder.invokeSpecial(java.lang.Object, java.lang.Object, java.lang.Object, int, java.lang.Object)'> (0x00000000eaf8e2c8) 
thrown [s\src\hotspot\share\interpreter\linkResolver.cpp, line 773]
Event: 0.735 Thread 0x000001541df7bac0 Exception <a 'java/lang/NoSuchMethodError'{0x00000000eaf91738}: 'void java.lang.invoke.DelegatingMethodHandle$Holder.delegate(java.lang.Object, java.lang.Object, int, java.lang.Object)'> (0x00000000eaf91738) 
thrown [s\src\hotspot\share\interpreter\linkResolver.cpp, line 773]
Event: 1.261 Thread 0x000001541df7bac0 Exception <a 'java/lang/NoSuchMethodError'{0x00000000eb14f2a0}: 'void java.lang.invoke.DelegatingMethodHandle$Holder.reinvoke_L(java.lang.Object, java.lang.Object, java.lang.Object, int)'> (0x00000000eb14f2a0) 
thrown [s\src\hotspot\share\interpreter\linkResolver.cpp, line 773]
Event: 1.677 Thread 0x000001541df7bac0 Exception <a 'java/lang/NoSuchMethodError'{0x00000000eb5d4e58}: 'void java.lang.invoke.DirectMethodHandle$Holder.invokeVirtual(java.lang.Object, java.lang.Object)'> (0x00000000eb5d4e58) 
thrown [s\src\hotspot\share\interpreter\linkResolver.cpp, line 773]
Event: 2.148 Thread 0x000001541df7bac0 Exception <a 'java/lang/NoSuchMethodError'{0x00000000eb9b3728}: 'void java.lang.invoke.DirectMethodHandle$Holder.invokeStatic(java.lang.Object, java.lang.Object)'> (0x00000000eb9b3728) 
thrown [s\src\hotspot\share\interpreter\linkResolver.cpp, line 773]
Event: 2.157 Thread 0x000001541df7bac0 Exception <a 'java/lang/ClassNotFoundException'{0x00000000eb9db900}: sun/net/www/protocol/c/Handler> (0x00000000eb9db900) 
thrown [s\src\hotspot\share\classfile\systemDictionary.cpp, line 312]
Event: 2.230 Thread 0x000001541df7bac0 Exception <a 'java/io/FileNotFoundException'{0x00000000eba39518}> (0x00000000eba39518) 
thrown [s\src\hotspot\share\prims\jni.cpp, line 520]
Event: 2.231 Thread 0x000001541df7bac0 Exception <a 'java/io/FileNotFoundException'{0x00000000eba3a880}> (0x00000000eba3a880) 
thrown [s\src\hotspot\share\prims\jni.cpp, line 520]
Event: 2.231 Thread 0x000001541df7bac0 Exception <a 'java/io/FileNotFoundException'{0x00000000eba3b4f8}> (0x00000000eba3b4f8) 
thrown [s\src\hotspot\share\prims\jni.cpp, line 520]
Event: 2.231 Thread 0x000001541df7bac0 Exception <a 'java/io/FileNotFoundException'{0x00000000eba3c038}> (0x00000000eba3c038) 
thrown [s\src\hotspot\share\prims\jni.cpp, line 520]
Event: 2.245 Thread 0x000001541df7bac0 Implicit null exception at 0x0000015428c71fa4 to 0x0000015428c72538
Event: 2.260 Thread 0x000001541df7bac0 Implicit null exception at 0x0000015428c72ba0 to 0x0000015428c73124
Event: 2.362 Thread 0x000001541df7bac0 Exception <a 'java/io/FileNotFoundException'{0x00000000eba75598}> (0x00000000eba75598) 
thrown [s\src\hotspot\share\prims\jni.cpp, line 520]
Event: 2.390 Thread 0x000001541df7bac0 Exception <a 'java/lang/NoSuchMethodError'{0x00000000ebaadd00}: 'java.lang.Object java.lang.invoke.DirectMethodHandle$Holder.invokeInterface(java.lang.Object, java.lang.Object)'> (0x00000000ebaadd00) 
thrown [s\src\hotspot\share\interpreter\linkResolver.cpp, line 773]
Event: 2.398 Thread 0x000001541df7bac0 Exception <a 'java/lang/NoSuchMethodError'{0x00000000ebac12f8}: 'java.lang.Object java.lang.invoke.Invokers$Holder.invokeExact_MT(java.lang.Object, java.lang.Object, java.lang.Object, java.lang.Object, java.lang.Object, java.lang.Object)'> (0x00000000ebac12f8) 
thrown [s\src\hotspot\share\interpreter\linkResolver.cpp, line 773]
Event: 2.416 Thread 0x000001541df7bac0 Exception <a 'java/lang/NoSuchMethodError'{0x00000000ebad8550}: 'int java.lang.invoke.DirectMethodHandle$Holder.invokeStatic(java.lang.Object, java.lang.Object, java.lang.Object, java.lang.Object, java.lang.Object)'> (0x00000000ebad8550) 
thrown [s\src\hotspot\share\interpreter\linkResolver.cpp, line 773]
Event: 2.511 Thread 0x000001541df7bac0 Exception <a 'java/lang/NoSuchMethodError'{0x00000000ebb6bf68}: 'java.lang.Object java.lang.invoke.DirectMethodHandle$Holder.invokeInterface(java.lang.Object, java.lang.Object, int)'> (0x00000000ebb6bf68) 
thrown [s\src\hotspot\share\interpreter\linkResolver.cpp, line 773]

ZGC Phase Switch (0 events):
No events

VM Operations (12 events):
Event: 0.275 Executing VM operation: HandshakeAllThreads (Deoptimize)
Event: 0.275 Executing VM operation: HandshakeAllThreads (Deoptimize) done
Event: 0.502 Executing VM operation: HandshakeAllThreads (Deoptimize)
Event: 0.502 Executing VM operation: HandshakeAllThreads (Deoptimize) done
Event: 1.503 Executing VM operation: Cleanup
Event: 1.519 Executing VM operation: Cleanup done
Event: 2.016 Executing VM operation: HandshakeAllThreads (Deoptimize)
Event: 2.016 Executing VM operation: HandshakeAllThreads (Deoptimize) done
Event: 2.100 Executing VM operation: HandshakeAllThreads (Deoptimize)
Event: 2.100 Executing VM operation: HandshakeAllThreads (Deoptimize) done
Event: 3.100 Executing VM operation: Cleanup
Event: 3.116 Executing VM operation: Cleanup done

Memory protections (0 events):
No events

Nmethod flushes (0 events):
No events

Events (13 events):
Event: 0.074 Thread 0x000001541df7bac0 Thread added: 0x000001541df7bac0
Event: 0.111 Thread 0x000001541df7bac0 Thread added: 0x00000154322ab8f0
Event: 0.111 Thread 0x000001541df7bac0 Thread added: 0x00000154322ad7b0
Event: 0.112 Thread 0x000001541df7bac0 Thread added: 0x00000154322b17d0
Event: 0.112 Thread 0x000001541df7bac0 Thread added: 0x00000154322b26a0
Event: 0.112 Thread 0x000001541df7bac0 Thread added: 0x00000154322b4f10
Event: 0.112 Thread 0x000001541df7bac0 Thread added: 0x00000154322b7980
Event: 0.112 Thread 0x000001541df7bac0 Thread added: 0x00000154322b83c0
Event: 0.124 Thread 0x000001541df7bac0 Thread added: 0x00000154323271c0
Event: 0.243 Thread 0x000001541df7bac0 Thread added: 0x000001543236e550
Event: 1.451 Thread 0x000001541df7bac0 Thread added: 0x00000154743cf730
Event: 1.463 Thread 0x00000154323271c0 Thread added: 0x00000154743d4100
Event: 2.354 Thread 0x00000154743d4100 Thread exited: 0x00000154743d4100


Dynamic libraries:
0x00007ff6d7490000 - 0x00007ff6d749e000 	c:\Users\ACER\.vscode\extensions\redhat.java-1.42.0-win32-x64\jre\21.0.7-win32-x86_64\bin\java.exe
0x00007ffee80c0000 - 0x00007ffee8323000 	C:\WINDOWS\SYSTEM32\ntdll.dll
0x00007ffee75e0000 - 0x00007ffee76a7000 	C:\WINDOWS\System32\KERNEL32.DLL
0x00007ffee57f0000 - 0x00007ffee5bb7000 	C:\WINDOWS\System32\KERNELBASE.dll
0x00007ffee5d10000 - 0x00007ffee5e5c000 	C:\WINDOWS\System32\ucrtbase.dll
0x00007ffed55c0000 - 0x00007ffed55d8000 	c:\Users\ACER\.vscode\extensions\redhat.java-1.42.0-win32-x64\jre\21.0.7-win32-x86_64\bin\jli.dll
0x00007ffee6d30000 - 0x00007ffee6ef9000 	C:\WINDOWS\System32\USER32.dll
0x00007ffee5460000 - 0x00007ffee5487000 	C:\WINDOWS\System32\win32u.dll
0x00007ffee7410000 - 0x00007ffee743a000 	C:\WINDOWS\System32\GDI32.dll
0x00007ffee5610000 - 0x00007ffee573b000 	C:\WINDOWS\System32\gdi32full.dll
0x00007ffee5740000 - 0x00007ffee57e3000 	C:\WINDOWS\System32\msvcp_win.dll
0x00007ffed4180000 - 0x00007ffed419e000 	c:\Users\ACER\.vscode\extensions\redhat.java-1.42.0-win32-x64\jre\21.0.7-win32-x86_64\bin\VCRUNTIME140.dll
0x00007ffed6530000 - 0x00007ffed67c0000 	C:\WINDOWS\WinSxS\amd64_microsoft.windows.common-controls_6595b64144ccf1df_6.0.26100.3037_none_3e09262ce333c378\COMCTL32.dll
0x00007ffee6c80000 - 0x00007ffee6d29000 	C:\WINDOWS\System32\msvcrt.dll
0x00007ffee6290000 - 0x00007ffee62bf000 	C:\WINDOWS\System32\IMM32.DLL
0x00007ffeda260000 - 0x00007ffeda26c000 	c:\Users\ACER\.vscode\extensions\redhat.java-1.42.0-win32-x64\jre\21.0.7-win32-x86_64\bin\vcruntime140_1.dll
0x00007ffe99a60000 - 0x00007ffe99aed000 	c:\Users\ACER\.vscode\extensions\redhat.java-1.42.0-win32-x64\jre\21.0.7-win32-x86_64\bin\msvcp140.dll
0x00007ffe42420000 - 0x00007ffe431b0000 	c:\Users\ACER\.vscode\extensions\redhat.java-1.42.0-win32-x64\jre\21.0.7-win32-x86_64\bin\server\jvm.dll
0x00007ffee6bc0000 - 0x00007ffee6c74000 	C:\WINDOWS\System32\ADVAPI32.dll
0x00007ffee6f00000 - 0x00007ffee6fa6000 	C:\WINDOWS\System32\sechost.dll
0x00007ffee7020000 - 0x00007ffee7136000 	C:\WINDOWS\System32\RPCRT4.dll
0x00007ffee7860000 - 0x00007ffee78d4000 	C:\WINDOWS\System32\WS2_32.dll
0x00007ffee52f0000 - 0x00007ffee533e000 	C:\WINDOWS\SYSTEM32\POWRPROF.dll
0x00007ffede820000 - 0x00007ffede856000 	C:\WINDOWS\SYSTEM32\WINMM.dll
0x00007ffede860000 - 0x00007ffede86b000 	C:\WINDOWS\SYSTEM32\VERSION.dll
0x00007ffee52d0000 - 0x00007ffee52e4000 	C:\WINDOWS\SYSTEM32\UMPDC.dll
0x00007ffee4290000 - 0x00007ffee42aa000 	C:\WINDOWS\SYSTEM32\kernel.appcore.dll
0x00007ffeda170000 - 0x00007ffeda17a000 	c:\Users\ACER\.vscode\extensions\redhat.java-1.42.0-win32-x64\jre\21.0.7-win32-x86_64\bin\jimage.dll
0x00007ffedabe0000 - 0x00007ffedae21000 	C:\WINDOWS\SYSTEM32\DBGHELP.DLL
0x00007ffee5f00000 - 0x00007ffee627e000 	C:\WINDOWS\System32\combase.dll
0x00007ffee76b0000 - 0x00007ffee7786000 	C:\WINDOWS\System32\OLEAUT32.dll
0x00007ffece190000 - 0x00007ffece1c9000 	C:\WINDOWS\SYSTEM32\dbgcore.DLL
0x00007ffee5e60000 - 0x00007ffee5ef9000 	C:\WINDOWS\System32\bcryptPrimitives.dll
0x00007ffed9560000 - 0x00007ffed956f000 	c:\Users\ACER\.vscode\extensions\redhat.java-1.42.0-win32-x64\jre\21.0.7-win32-x86_64\bin\instrument.dll
0x00007ffed2970000 - 0x00007ffed298f000 	c:\Users\ACER\.vscode\extensions\redhat.java-1.42.0-win32-x64\jre\21.0.7-win32-x86_64\bin\java.dll
0x00007ffee62d0000 - 0x00007ffee69d4000 	C:\WINDOWS\System32\SHELL32.dll
0x00007ffee3150000 - 0x00007ffee3987000 	C:\WINDOWS\SYSTEM32\windows.storage.dll
0x00007ffee7ed0000 - 0x00007ffee7fb9000 	C:\WINDOWS\System32\SHCORE.dll
0x00007ffee6fb0000 - 0x00007ffee700d000 	C:\WINDOWS\System32\shlwapi.dll
0x00007ffee5370000 - 0x00007ffee539e000 	C:\WINDOWS\SYSTEM32\profapi.dll
0x00007ffed25b0000 - 0x00007ffed25c8000 	c:\Users\ACER\.vscode\extensions\redhat.java-1.42.0-win32-x64\jre\21.0.7-win32-x86_64\bin\zip.dll
0x00007ffecd650000 - 0x00007ffecd660000 	C:\Users\ACER\.vscode\extensions\redhat.java-1.42.0-win32-x64\jre\21.0.7-win32-x86_64\bin\net.dll
0x00007ffedc870000 - 0x00007ffedc98e000 	C:\WINDOWS\SYSTEM32\WINHTTP.dll
0x00007ffee47a0000 - 0x00007ffee480a000 	C:\WINDOWS\system32\mswsock.dll
0x00007ffecd340000 - 0x00007ffecd356000 	C:\Users\ACER\.vscode\extensions\redhat.java-1.42.0-win32-x64\jre\21.0.7-win32-x86_64\bin\nio.dll
0x00007ffecd640000 - 0x00007ffecd650000 	c:\Users\ACER\.vscode\extensions\redhat.java-1.42.0-win32-x64\jre\21.0.7-win32-x86_64\bin\verify.dll

dbghelp: loaded successfully - version: 4.0.5 - missing functions: none
symbol engine: initialized successfully - sym options: 0x614 - pdb path: .;c:\Users\ACER\.vscode\extensions\redhat.java-1.42.0-win32-x64\jre\21.0.7-win32-x86_64\bin;C:\WINDOWS\SYSTEM32;C:\WINDOWS\WinSxS\amd64_microsoft.windows.common-controls_6595b64144ccf1df_6.0.26100.3037_none_3e09262ce333c378;c:\Users\ACER\.vscode\extensions\redhat.java-1.42.0-win32-x64\jre\21.0.7-win32-x86_64\bin\server

VM Arguments:
jvm_args: --add-modules=ALL-SYSTEM --add-opens=java.base/java.util=ALL-UNNAMED --add-opens=java.base/java.lang=ALL-UNNAMED --add-opens=java.base/sun.nio.fs=ALL-UNNAMED -Declipse.application=org.eclipse.jdt.ls.core.id1 -Dosgi.bundles.defaultStartLevel=4 -Declipse.product=org.eclipse.jdt.ls.core.product -Djava.import.generatesMetadataFilesAtProjectRoot=false -DDetectVMInstallationsJob.disabled=true -Dfile.encoding=utf8 -XX:+UseParallelGC -XX:GCTimeRatio=4 -XX:AdaptiveSizePolicyWeight=90 -Dsun.zip.disableMemoryMapping=true -Xmx1G -Xms100m -Xlog:disable -javaagent:c:\Users\ACER\.vscode\extensions\redhat.java-1.42.0-win32-x64\lombok\lombok-1.18.36.jar -XX:+HeapDumpOnOutOfMemoryError -XX:HeapDumpPath=c:\Users\ACER\AppData\Roaming\Code\User\workspaceStorage\ad1ce73b0a7d8f95e3ffd31a788ce84a\redhat.java -Daether.dependencyCollector.impl=bf 
java_command: c:\Users\ACER\.vscode\extensions\redhat.java-1.42.0-win32-x64\server\plugins\org.eclipse.equinox.launcher_1.7.0.v20250424-1814.jar -configuration c:\Users\ACER\AppData\Roaming\Code\User\globalStorage\redhat.java\1.42.0\config_win -data c:\Users\ACER\AppData\Roaming\Code\User\workspaceStorage\ad1ce73b0a7d8f95e3ffd31a788ce84a\redhat.java\jdt_ws --pipe=\\.\pipe\lsp-3ffd6bd26453e2980a7aa7b1d9bd66d1-sock
java_class_path (initial): c:\Users\ACER\.vscode\extensions\redhat.java-1.42.0-win32-x64\server\plugins\org.eclipse.equinox.launcher_1.7.0.v20250424-1814.jar
Launcher Type: SUN_STANDARD

[Global flags]
    uintx AdaptiveSizePolicyWeight                 = 90                                        {product} {command line}
     intx CICompilerCount                          = 3                                         {product} {ergonomic}
    uintx GCTimeRatio                              = 4                                         {product} {command line}
     bool HeapDumpOnOutOfMemoryError               = true                                   {manageable} {command line}
    ccstr HeapDumpPath                             = c:\Users\ACER\AppData\Roaming\Code\User\workspaceStorage\ad1ce73b0a7d8f95e3ffd31a788ce84a\redhat.java         {manageable} {command line}
   size_t InitialHeapSize                          = 104857600                                 {product} {command line}
   size_t MaxHeapSize                              = 1073741824                                {product} {command line}
   size_t MaxNewSize                               = 357564416                                 {product} {ergonomic}
   size_t MinHeapDeltaBytes                        = 524288                                    {product} {ergonomic}
   size_t MinHeapSize                              = 104857600                                 {product} {command line}
   size_t NewSize                                  = 34603008                                  {product} {ergonomic}
    uintx NonNMethodCodeHeapSize                   = 5832780                                {pd product} {ergonomic}
    uintx NonProfiledCodeHeapSize                  = 122912730                              {pd product} {ergonomic}
   size_t OldSize                                  = 70254592                                  {product} {ergonomic}
    uintx ProfiledCodeHeapSize                     = 122912730                              {pd product} {ergonomic}
    uintx ReservedCodeCacheSize                    = 251658240                              {pd product} {ergonomic}
     bool SegmentedCodeCache                       = true                                      {product} {ergonomic}
   size_t SoftMaxHeapSize                          = 1073741824                             {manageable} {ergonomic}
     bool UseCompressedOops                        = true                           {product lp64_product} {ergonomic}
     bool UseLargePagesIndividualAllocation        = false                                  {pd product} {ergonomic}
     bool UseParallelGC                            = true                                      {product} {command line}

Logging:
Log output configuration:
 #0: stdout all=off uptime,level,tags foldmultilines=false
 #1: stderr all=off uptime,level,tags foldmultilines=false

Environment Variables:
JAVA_HOME=C:\Program Files\Java\jdk-23
PATH=C:\Program Files\Common Files\Oracle\Java\javapath;C:\WINDOWS\system32;C:\WINDOWS;C:\WINDOWS\System32\Wbem;C:\WINDOWS\System32\WindowsPowerShell\v1.0\;C:\WINDOWS\System32\OpenSSH\;C:\Program Files\dotnet\;C:\Program Files\Java\jdk-23\bin;C:\Program Files\Git\cmd;C:\Program Files\nodejs;C:\Users\ACER\AppData\Roaming\npm;C:\Users\ACER\AppData\Local\Programs\Microsoft VS Code\bin;C:\Users\ACER\AppData\Local\Microsoft\WindowsApps;C:\Program Files\Java\jdk-23\bin;C:\Users\ACER\AppData\Roaming\npm;C:\Program Files\Apache Maven\apache-maven-3.9.9\bin;C:\Users\ACER\AppData\Local\Programs\Microsoft VS Code\bin
USERNAME=ACER
OS=Windows_NT
PROCESSOR_IDENTIFIER=AMD64 Family 23 Model 24 Stepping 1, AuthenticAMD
TMP=C:\Users\ACER\AppData\Local\Temp
TEMP=C:\Users\ACER\AppData\Local\Temp




Periodic native trim disabled

---------------  S Y S T E M  ---------------

OS:
 Windows 11 , 64 bit Build 26100 (10.0.26100.3037)
OS uptime: 5 days 0:13 hours
Hyper-V role detected

CPU: total 4 (initial active 4) (4 cores per cpu, 2 threads per core) family 23 model 24 stepping 1 microcode 0x8108109, cx8, cmov, fxsr, ht, mmx, 3dnowpref, sse, sse2, sse3, ssse3, sse4a, sse4.1, sse4.2, popcnt, lzcnt, tsc, tscinvbit, avx, avx2, aes, clmul, bmi1, bmi2, adx, sha, fma, vzeroupper, clflush, clflushopt, hv, rdtscp, f16c
Processor Information for the first 4 processors :
  Max Mhz: 2600, Current Mhz: 2600, Mhz Limit: 2600

Memory: 4k page, system-wide physical 6081M (548M free)
TotalPageFile size 10177M (AvailPageFile size 8M)
current process WorkingSet (physical memory assigned to process): 71M, peak: 71M
current process commit charge ("private bytes"): 187M, peak: 187M

vm_info: OpenJDK 64-Bit Server VM (21.0.7+6-LTS) for windows-amd64 JRE (21.0.7+6-LTS), built on 2025-04-15T00:00:00Z by "admin" with MS VC++ 17.7 (VS2022)

END.
