#
# There is insufficient memory for the Java Runtime Environment to continue.
# Native memory allocation (malloc) failed to allocate 1791216 bytes. Error detail: Chunk::new
# Possible reasons:
#   The system is out of physical RAM or swap space
#   This process is running with CompressedOops enabled, and the Java Heap may be blocking the growth of the native heap
# Possible solutions:
#   Reduce memory load on the system
#   Increase physical memory or swap space
#   Check if swap backing store is full
#   Decrease Java heap size (-Xmx/-Xms)
#   Decrease number of Java threads
#   Decrease Java thread stack sizes (-Xss)
#   Set larger code cache with -XX:ReservedCodeCacheSize=
#   JVM is running with Unscaled Compressed Oops mode in which the Java heap is
#     placed in the first 4GB address space. The Java Heap base address is the
#     maximum limit for the native heap growth. Please use -XX:HeapBaseMinAddress
#     to set the Java Heap base and to place the Java Heap above 4GB virtual address.
# This output file may be truncated or incomplete.
#
#  Out of Memory Error (arena.cpp:168), pid=5288, tid=5100
#
# JRE version: OpenJDK Runtime Environment Temurin-21.0.7+6 (21.0.7+6) (build 21.0.7+6-LTS)
# Java VM: OpenJDK 64-Bit Server VM Temurin-21.0.7+6 (21.0.7+6-LTS, mixed mode, sharing, tiered, compressed oops, compressed class ptrs, parallel gc, windows-amd64)
# No core dump will be written. Minidumps are not enabled by default on client versions of Windows
#

---------------  S U M M A R Y ------------

Command Line: --add-modules=ALL-SYSTEM --add-opens=java.base/java.util=ALL-UNNAMED --add-opens=java.base/java.lang=ALL-UNNAMED --add-opens=java.base/sun.nio.fs=ALL-UNNAMED -Declipse.application=org.eclipse.jdt.ls.core.id1 -Dosgi.bundles.defaultStartLevel=4 -Declipse.product=org.eclipse.jdt.ls.core.product -Djava.import.generatesMetadataFilesAtProjectRoot=false -DDetectVMInstallationsJob.disabled=true -Dfile.encoding=utf8 -XX:+UseParallelGC -XX:GCTimeRatio=4 -XX:AdaptiveSizePolicyWeight=90 -Dsun.zip.disableMemoryMapping=true -Xmx1G -Xms100m -Xlog:disable -javaagent:c:\Users\ACER\.vscode\extensions\redhat.java-1.42.0-win32-x64\lombok\lombok-1.18.36.jar -XX:+HeapDumpOnOutOfMemoryError -XX:HeapDumpPath=c:\Users\ACER\AppData\Roaming\Code\User\workspaceStorage\ad1ce73b0a7d8f95e3ffd31a788ce84a\redhat.java -Daether.dependencyCollector.impl=bf c:\Users\ACER\.vscode\extensions\redhat.java-1.42.0-win32-x64\server\plugins\org.eclipse.equinox.launcher_1.7.0.v20250424-1814.jar -configuration c:\Users\ACER\AppData\Roaming\Code\User\globalStorage\redhat.java\1.42.0\config_win -data c:\Users\ACER\AppData\Roaming\Code\User\workspaceStorage\ad1ce73b0a7d8f95e3ffd31a788ce84a\redhat.java\jdt_ws --pipe=\\.\pipe\lsp-555cc35dae508a607cf113b370c87a49-sock

Host: AMD Ryzen 3 3250U with Radeon Graphics         , 4 cores, 5G,  Windows 11 , 64 bit Build 26100 (10.0.26100.3037)
Time: Thu Jun 26 16:48:10 2025 India Standard Time elapsed time: 58.010604 seconds (0d 0h 0m 58s)

---------------  T H R E A D  ---------------

Current thread (0x000001c6744e0930):  JavaThread "C2 CompilerThread0" daemon [_thread_in_native, id=5100, stack(0x0000001b0c900000,0x0000001b0ca00000) (1024K)]


Current CompileTask:
C2:58010 4277       4       org.lombokweb.asm.ClassReader::readMethod (1070 bytes)

Stack: [0x0000001b0c900000,0x0000001b0ca00000]
Native frames: (J=compiled Java code, j=interpreted, Vv=VM code, C=native code)
V  [jvm.dll+0x6ce119]
V  [jvm.dll+0x8a84a1]
V  [jvm.dll+0x8aa9ce]
V  [jvm.dll+0x8ab0b3]
V  [jvm.dll+0x27f8a6]
V  [jvm.dll+0xc507d]
V  [jvm.dll+0xc55b3]
V  [jvm.dll+0x3b68f2]
V  [jvm.dll+0x1dfe33]
V  [jvm.dll+0x247c42]
V  [jvm.dll+0x2470cf]
V  [jvm.dll+0x1c760e]
V  [jvm.dll+0x25695a]
V  [jvm.dll+0x254efa]
V  [jvm.dll+0x3f03f6]
V  [jvm.dll+0x851f6b]
V  [jvm.dll+0x6cc7dd]
C  [ucrtbase.dll+0x37b0]
C  [KERNEL32.DLL+0x2e8d7]
C  [ntdll.dll+0xbbf2c]


---------------  P R O C E S S  ---------------

Threads class SMR info:
_java_thread_list=0x000001c67bee78e0, length=27, elements={
0x000001c65de779e0, 0x000001c6744c9260, 0x000001c6744cb8c0, 0x000001c6744d0b10,
0x000001c6744d3780, 0x000001c6744db060, 0x000001c6744dd6d0, 0x000001c6744e0930,
0x000001c6745504b0, 0x000001c65f9faee0, 0x000001c6754ecb80, 0x000001c675c4e510,
0x000001c675466a60, 0x000001c6753716d0, 0x000001c6745683c0, 0x000001c67a17e080,
0x000001c67a8431e0, 0x000001c674562ba0, 0x000001c675765a50, 0x000001c675766e00,
0x000001c675766770, 0x000001c675767490, 0x000001c6757660e0, 0x000001c675764010,
0x000001c67a994560, 0x000001c675764d30, 0x000001c6757653c0
}

Java Threads: ( => current thread )
  0x000001c65de779e0 JavaThread "main"                              [_thread_blocked, id=5352, stack(0x0000001b0bf00000,0x0000001b0c000000) (1024K)]
  0x000001c6744c9260 JavaThread "Reference Handler"          daemon [_thread_blocked, id=15080, stack(0x0000001b0c300000,0x0000001b0c400000) (1024K)]
  0x000001c6744cb8c0 JavaThread "Finalizer"                  daemon [_thread_blocked, id=7016, stack(0x0000001b0c400000,0x0000001b0c500000) (1024K)]
  0x000001c6744d0b10 JavaThread "Signal Dispatcher"          daemon [_thread_blocked, id=17736, stack(0x0000001b0c500000,0x0000001b0c600000) (1024K)]
  0x000001c6744d3780 JavaThread "Attach Listener"            daemon [_thread_blocked, id=18568, stack(0x0000001b0c600000,0x0000001b0c700000) (1024K)]
  0x000001c6744db060 JavaThread "Service Thread"             daemon [_thread_blocked, id=11572, stack(0x0000001b0c700000,0x0000001b0c800000) (1024K)]
  0x000001c6744dd6d0 JavaThread "Monitor Deflation Thread"   daemon [_thread_blocked, id=10464, stack(0x0000001b0c800000,0x0000001b0c900000) (1024K)]
=>0x000001c6744e0930 JavaThread "C2 CompilerThread0"         daemon [_thread_in_native, id=5100, stack(0x0000001b0c900000,0x0000001b0ca00000) (1024K)]
  0x000001c6745504b0 JavaThread "C1 CompilerThread0"         daemon [_thread_in_native, id=8144, stack(0x0000001b0ca00000,0x0000001b0cb00000) (1024K)]
  0x000001c65f9faee0 JavaThread "Common-Cleaner"             daemon [_thread_blocked, id=2660, stack(0x0000001b0cb00000,0x0000001b0cc00000) (1024K)]
  0x000001c6754ecb80 JavaThread "Notification Thread"        daemon [_thread_blocked, id=6768, stack(0x0000001b0cc00000,0x0000001b0cd00000) (1024K)]
  0x000001c675c4e510 JavaThread "Active Thread: Equinox Container: 9a724e33-e30a-4c2c-981e-aa73d5e40206"        [_thread_blocked, id=2404, stack(0x0000001b0cd00000,0x0000001b0ce00000) (1024K)]
  0x000001c675466a60 JavaThread "Refresh Thread: Equinox Container: 9a724e33-e30a-4c2c-981e-aa73d5e40206" daemon [_thread_blocked, id=19052, stack(0x0000001b0d100000,0x0000001b0d200000) (1024K)]
  0x000001c6753716d0 JavaThread "Framework Event Dispatcher: Equinox Container: 9a724e33-e30a-4c2c-981e-aa73d5e40206" daemon [_thread_blocked, id=10128, stack(0x0000001b0d200000,0x0000001b0d300000) (1024K)]
  0x000001c6745683c0 JavaThread "Start Level: Equinox Container: 9a724e33-e30a-4c2c-981e-aa73d5e40206" daemon [_thread_blocked, id=16732, stack(0x0000001b0d300000,0x0000001b0d400000) (1024K)]
  0x000001c67a17e080 JavaThread "Bundle File Closer"         daemon [_thread_blocked, id=15500, stack(0x0000001b0d400000,0x0000001b0d500000) (1024K)]
  0x000001c67a8431e0 JavaThread "SCR Component Actor"        daemon [_thread_blocked, id=4544, stack(0x0000001b0d500000,0x0000001b0d600000) (1024K)]
  0x000001c674562ba0 JavaThread "SCR Component Registry"     daemon [_thread_blocked, id=7964, stack(0x0000001b0d600000,0x0000001b0d700000) (1024K)]
  0x000001c675765a50 JavaThread "Worker-JM"                         [_thread_blocked, id=14048, stack(0x0000001b0d700000,0x0000001b0d800000) (1024K)]
  0x000001c675766e00 JavaThread "JNA Cleaner"                daemon [_thread_blocked, id=3588, stack(0x0000001b0d800000,0x0000001b0d900000) (1024K)]
  0x000001c675766770 JavaThread "Worker-0: Building"                [_thread_in_vm, id=9524, stack(0x0000001b0da00000,0x0000001b0db00000) (1024K)]
  0x000001c675767490 JavaThread "Worker-1: Repository registry initialization"        [_thread_in_vm, id=17004, stack(0x0000001b0db00000,0x0000001b0dc00000) (1024K)]
  0x000001c6757660e0 JavaThread "Worker-2: Updating Maven Dependencies"        [_thread_blocked, id=3924, stack(0x0000001b0dc00000,0x0000001b0dd00000) (1024K)]
  0x000001c675764010 JavaThread "Worker-3: Processing Java changes since last activation"        [_thread_blocked, id=11584, stack(0x0000001b0d900000,0x0000001b0da00000) (1024K)]
  0x000001c67a994560 JavaThread "C2 CompilerThread1"         daemon [_thread_in_native, id=17952, stack(0x0000001b0dd00000,0x0000001b0de00000) (1024K)]
  0x000001c675764d30 JavaThread "Java indexing"              daemon [_thread_new, id=12756, stack(0x0000001b0de00000,0x0000001b0df00000) (1024K)]
  0x000001c6757653c0 JavaThread "Worker-4"                          [_thread_blocked, id=18976, stack(0x0000001b0df00000,0x0000001b0e000000) (1024K)]
Total: 27

Other Threads:
  0x000001c65fa4b8a0 VMThread "VM Thread"                           [id=19312, stack(0x0000001b0c200000,0x0000001b0c300000) (1024K)] _threads_hazard_ptr=0x000001c67bee78e0
  0x000001c67446ca00 WatcherThread "VM Periodic Task Thread"        [id=7340, stack(0x0000001b0c100000,0x0000001b0c200000) (1024K)]
  0x000001c65f9ab2f0 WorkerThread "GC Thread#0"                     [id=7148, stack(0x0000001b0c000000,0x0000001b0c100000) (1024K)]
  0x000001c675624640 WorkerThread "GC Thread#1"                     [id=11272, stack(0x0000001b0ce00000,0x0000001b0cf00000) (1024K)]
  0x000001c6756249e0 WorkerThread "GC Thread#2"                     [id=13684, stack(0x0000001b0cf00000,0x0000001b0d000000) (1024K)]
  0x000001c675624d80 WorkerThread "GC Thread#3"                     [id=15312, stack(0x0000001b0d000000,0x0000001b0d100000) (1024K)]
Total: 6

Threads with active compile tasks:
C2 CompilerThread0  58083 4277       4       org.lombokweb.asm.ClassReader::readMethod (1070 bytes)
C1 CompilerThread0  58083 4475       3       java.net.URLStreamHandler::parseURL (1124 bytes)
C2 CompilerThread1  58083 4369   !   4       org.eclipse.osgi.internal.loader.classpath.ClasspathManager::findClassImpl (343 bytes)
Total: 3

VM state: not at safepoint (normal execution)

VM Mutex/Monitor currently owned by a thread: None

Heap address: 0x00000000c0000000, size: 1024 MB, Compressed Oops mode: 32-bit

CDS archive(s) mapped at: [0x000001c600000000-0x000001c600ba0000-0x000001c600ba0000), size 12189696, SharedBaseAddress: 0x000001c600000000, ArchiveRelocationMode: 1.
Compressed class space mapped at: 0x000001c601000000-0x000001c641000000, reserved size: 1073741824
Narrow klass base: 0x000001c600000000, Narrow klass shift: 0, Narrow klass range: 0x100000000

GC Precious Log:
 CardTable entry size: 512
 CPUs: 4 total, 4 available
 Memory: 6081M
 Large Page Support: Disabled
 NUMA Support: Disabled
 Compressed Oops: Enabled (32-bit)
 Alignments: Space 512K, Generation 512K, Heap 2M
 Heap Min Capacity: 100M
 Heap Initial Capacity: 100M
 Heap Max Capacity: 1G
 Pre-touch: Disabled
 Parallel Workers: 4

Heap:
 PSYoungGen      total 24576K, used 22260K [0x00000000eab00000, 0x00000000ec880000, 0x0000000100000000)
  eden space 23040K, 90% used [0x00000000eab00000,0x00000000ebf4e528,0x00000000ec180000)
  from space 1536K, 95% used [0x00000000ec700000,0x00000000ec86eda0,0x00000000ec880000)
  to   space 2048K, 0% used [0x00000000ec480000,0x00000000ec480000,0x00000000ec680000)
 ParOldGen       total 68608K, used 14443K [0x00000000c0000000, 0x00000000c4300000, 0x00000000eab00000)
  object space 68608K, 21% used [0x00000000c0000000,0x00000000c0e1ac88,0x00000000c4300000)
 Metaspace       used 30977K, committed 32000K, reserved 1114112K
  class space    used 3037K, committed 3456K, reserved 1048576K

Card table byte_map: [0x000001c671e20000,0x000001c672030000] _byte_map_base: 0x000001c671820000

Marking Bits: (ParMarkBitMap*) 0x00007ffe254a31f0
 Begin Bits: [0x000001c672190000, 0x000001c673190000)
 End Bits:   [0x000001c673190000, 0x000001c674190000)

Polling page: 0x000001c65e180000

Metaspace:

Usage:
  Non-class:     27.29 MB used.
      Class:      2.97 MB used.
       Both:     30.25 MB used.

Virtual space:
  Non-class space:       64.00 MB reserved,      27.88 MB ( 44%) committed,  1 nodes.
      Class space:        1.00 GB reserved,       3.38 MB ( <1%) committed,  1 nodes.
             Both:        1.06 GB reserved,      31.25 MB (  3%) committed. 

Chunk freelists:
   Non-Class:  4.03 MB
       Class:  12.47 MB
        Both:  16.51 MB

MaxMetaspaceSize: unlimited
CompressedClassSpaceSize: 1.00 GB
Initial GC threshold: 21.00 MB
Current GC threshold: 35.00 MB
CDS: on
 - commit_granule_bytes: 65536.
 - commit_granule_words: 8192.
 - virtual_space_node_default_size: 8388608.
 - enlarge_chunks_in_place: 1.
 - use_allocation_guard: 0.


Internal statistics:

num_allocs_failed_limit: 3.
num_arena_births: 732.
num_arena_deaths: 14.
num_vsnodes_births: 2.
num_vsnodes_deaths: 0.
num_space_committed: 500.
num_space_uncommitted: 0.
num_chunks_returned_to_freelist: 17.
num_chunks_taken_from_freelist: 1976.
num_chunk_merges: 9.
num_chunk_splits: 1280.
num_chunks_enlarged: 800.
num_inconsistent_stats: 0.

CodeHeap 'non-profiled nmethods': size=120000Kb used=2019Kb max_used=2019Kb free=117980Kb
 bounds [0x000001c66a710000, 0x000001c66a980000, 0x000001c671c40000]
CodeHeap 'profiled nmethods': size=120000Kb used=9557Kb max_used=9557Kb free=110442Kb
 bounds [0x000001c662c40000, 0x000001c6635a0000, 0x000001c66a170000]
CodeHeap 'non-nmethods': size=5760Kb used=1338Kb max_used=1344Kb free=4421Kb
 bounds [0x000001c66a170000, 0x000001c66a3e0000, 0x000001c66a710000]
 total_blobs=5092 nmethods=4461 adapters=537
 compilation: enabled
              stopped_count=0, restarted_count=0
 full_count=0

Compilation events (20 events):
Event: 57.779 Thread 0x000001c6745504b0 4435       3       org.eclipse.core.runtime.Path::<init> (9 bytes)
Event: 57.779 Thread 0x000001c6745504b0 nmethod 4435 0x000001c663575690 code [0x000001c663575840, 0x000001c663575980]
Event: 57.790 Thread 0x000001c6745504b0 4437       3       java.lang.AbstractStringBuilder::append (45 bytes)
Event: 57.791 Thread 0x000001c6745504b0 nmethod 4437 0x000001c663575a10 code [0x000001c663575c20, 0x000001c663576148]
Event: 57.803 Thread 0x000001c6745504b0 4438       3       java.lang.String::<init> (99 bytes)
Event: 57.806 Thread 0x000001c6745504b0 nmethod 4438 0x000001c663576390 code [0x000001c663576780, 0x000001c6635781a0]
Event: 57.807 Thread 0x000001c6745504b0 4439       3       org.apache.aries.spifly.BaseActivator::getAllHeaders (189 bytes)
Event: 57.811 Thread 0x000001c6745504b0 nmethod 4439 0x000001c663578a90 code [0x000001c663578f00, 0x000001c66357b5b8]
Event: 57.811 Thread 0x000001c6745504b0 4440   !   3       org.osgi.util.tracker.AbstractTracked::track (97 bytes)
Event: 57.812 Thread 0x000001c6745504b0 nmethod 4440 0x000001c66357c490 code [0x000001c66357c6c0, 0x000001c66357cf00]
Event: 57.813 Thread 0x000001c6745504b0 4441       2       java.util.HashSet::contains (9 bytes)
Event: 57.814 Thread 0x000001c6745504b0 nmethod 4441 0x000001c66357d190 code [0x000001c66357d340, 0x000001c66357d478]
Event: 57.864 Thread 0x000001c6745504b0 4442       3       java.lang.Module::canRead (86 bytes)
Event: 57.866 Thread 0x000001c6745504b0 nmethod 4442 0x000001c66357d510 code [0x000001c66357d8e0, 0x000001c66357f228]
Event: 57.871 Thread 0x000001c6745504b0 4444       3       java.lang.invoke.TypeConvertingMethodAdapter::<init> (8 bytes)
Event: 57.871 Thread 0x000001c6745504b0 nmethod 4444 0x000001c66357f910 code [0x000001c66357fac0, 0x000001c66357fc08]
Event: 57.872 Thread 0x000001c6745504b0 4445       3       jdk.internal.org.objectweb.asm.MethodVisitor::visitCode (15 bytes)
Event: 57.872 Thread 0x000001c6745504b0 nmethod 4445 0x000001c66357fc90 code [0x000001c66357fe40, 0x000001c663580048]
Event: 57.873 Thread 0x000001c6745504b0 4446       3       jdk.internal.org.objectweb.asm.MethodVisitor::visitMethodInsn (80 bytes)
Event: 57.874 Thread 0x000001c6745504b0 nmethod 4446 0x000001c663580110 code [0x000001c663580300, 0x000001c6635807a8]

GC Heap History (20 events):
Event: 18.095 GC heap before
{Heap before GC invocations=2 (full 0):
 PSYoungGen      total 29696K, used 28863K [0x00000000eab00000, 0x00000000ecc00000, 0x0000000100000000)
  eden space 25600K, 99% used [0x00000000eab00000,0x00000000ec3fe450,0x00000000ec400000)
  from space 4096K, 79% used [0x00000000ec400000,0x00000000ec731870,0x00000000ec800000)
  to   space 4096K, 0% used [0x00000000ec800000,0x00000000ec800000,0x00000000ecc00000)
 ParOldGen       total 68608K, used 0K [0x00000000c0000000, 0x00000000c4300000, 0x00000000eab00000)
  object space 68608K, 0% used [0x00000000c0000000,0x00000000c0000000,0x00000000c4300000)
 Metaspace       used 8073K, committed 8384K, reserved 1114112K
  class space    used 815K, committed 960K, reserved 1048576K
}
Event: 18.105 GC heap after
{Heap after GC invocations=2 (full 0):
 PSYoungGen      total 29696K, used 4065K [0x00000000eab00000, 0x00000000ecc00000, 0x0000000100000000)
  eden space 25600K, 0% used [0x00000000eab00000,0x00000000eab00000,0x00000000ec400000)
  from space 4096K, 99% used [0x00000000ec800000,0x00000000ecbf8750,0x00000000ecc00000)
  to   space 4096K, 0% used [0x00000000ec400000,0x00000000ec400000,0x00000000ec800000)
 ParOldGen       total 68608K, used 1819K [0x00000000c0000000, 0x00000000c4300000, 0x00000000eab00000)
  object space 68608K, 2% used [0x00000000c0000000,0x00000000c01c6ed8,0x00000000c4300000)
 Metaspace       used 8073K, committed 8384K, reserved 1114112K
  class space    used 815K, committed 960K, reserved 1048576K
}
Event: 24.552 GC heap before
{Heap before GC invocations=3 (full 0):
 PSYoungGen      total 29696K, used 29665K [0x00000000eab00000, 0x00000000ecc00000, 0x0000000100000000)
  eden space 25600K, 100% used [0x00000000eab00000,0x00000000ec400000,0x00000000ec400000)
  from space 4096K, 99% used [0x00000000ec800000,0x00000000ecbf8750,0x00000000ecc00000)
  to   space 4096K, 0% used [0x00000000ec400000,0x00000000ec400000,0x00000000ec800000)
 ParOldGen       total 68608K, used 1819K [0x00000000c0000000, 0x00000000c4300000, 0x00000000eab00000)
  object space 68608K, 2% used [0x00000000c0000000,0x00000000c01c6ed8,0x00000000c4300000)
 Metaspace       used 9353K, committed 9728K, reserved 1114112K
  class space    used 962K, committed 1152K, reserved 1048576K
}
Event: 24.563 GC heap after
{Heap after GC invocations=3 (full 0):
 PSYoungGen      total 29696K, used 4087K [0x00000000eab00000, 0x00000000ecc00000, 0x0000000100000000)
  eden space 25600K, 0% used [0x00000000eab00000,0x00000000eab00000,0x00000000ec400000)
  from space 4096K, 99% used [0x00000000ec400000,0x00000000ec7fdf20,0x00000000ec800000)
  to   space 4096K, 0% used [0x00000000ec800000,0x00000000ec800000,0x00000000ecc00000)
 ParOldGen       total 68608K, used 5087K [0x00000000c0000000, 0x00000000c4300000, 0x00000000eab00000)
  object space 68608K, 7% used [0x00000000c0000000,0x00000000c04f7d38,0x00000000c4300000)
 Metaspace       used 9353K, committed 9728K, reserved 1114112K
  class space    used 962K, committed 1152K, reserved 1048576K
}
Event: 50.372 GC heap before
{Heap before GC invocations=4 (full 0):
 PSYoungGen      total 29696K, used 29687K [0x00000000eab00000, 0x00000000ecc00000, 0x0000000100000000)
  eden space 25600K, 100% used [0x00000000eab00000,0x00000000ec400000,0x00000000ec400000)
  from space 4096K, 99% used [0x00000000ec400000,0x00000000ec7fdf20,0x00000000ec800000)
  to   space 4096K, 0% used [0x00000000ec800000,0x00000000ec800000,0x00000000ecc00000)
 ParOldGen       total 68608K, used 5087K [0x00000000c0000000, 0x00000000c4300000, 0x00000000eab00000)
  object space 68608K, 7% used [0x00000000c0000000,0x00000000c04f7d38,0x00000000c4300000)
 Metaspace       used 12117K, committed 12480K, reserved 1114112K
  class space    used 1232K, committed 1408K, reserved 1048576K
}
Event: 50.383 GC heap after
{Heap after GC invocations=4 (full 0):
 PSYoungGen      total 29696K, used 4065K [0x00000000eab00000, 0x00000000ecc00000, 0x0000000100000000)
  eden space 25600K, 0% used [0x00000000eab00000,0x00000000eab00000,0x00000000ec400000)
  from space 4096K, 99% used [0x00000000ec800000,0x00000000ecbf8488,0x00000000ecc00000)
  to   space 4096K, 0% used [0x00000000ec400000,0x00000000ec400000,0x00000000ec800000)
 ParOldGen       total 68608K, used 6505K [0x00000000c0000000, 0x00000000c4300000, 0x00000000eab00000)
  object space 68608K, 9% used [0x00000000c0000000,0x00000000c065a478,0x00000000c4300000)
 Metaspace       used 12117K, committed 12480K, reserved 1114112K
  class space    used 1232K, committed 1408K, reserved 1048576K
}
Event: 53.016 GC heap before
{Heap before GC invocations=5 (full 0):
 PSYoungGen      total 29696K, used 29665K [0x00000000eab00000, 0x00000000ecc00000, 0x0000000100000000)
  eden space 25600K, 100% used [0x00000000eab00000,0x00000000ec400000,0x00000000ec400000)
  from space 4096K, 99% used [0x00000000ec800000,0x00000000ecbf8488,0x00000000ecc00000)
  to   space 4096K, 0% used [0x00000000ec400000,0x00000000ec400000,0x00000000ec800000)
 ParOldGen       total 68608K, used 6505K [0x00000000c0000000, 0x00000000c4300000, 0x00000000eab00000)
  object space 68608K, 9% used [0x00000000c0000000,0x00000000c065a478,0x00000000c4300000)
 Metaspace       used 15273K, committed 15808K, reserved 1114112K
  class space    used 1505K, committed 1728K, reserved 1048576K
}
Event: 53.029 GC heap after
{Heap after GC invocations=5 (full 0):
 PSYoungGen      total 29184K, used 4087K [0x00000000eab00000, 0x00000000ed080000, 0x0000000100000000)
  eden space 25088K, 0% used [0x00000000eab00000,0x00000000eab00000,0x00000000ec380000)
  from space 4096K, 99% used [0x00000000ec400000,0x00000000ec7fdc20,0x00000000ec800000)
  to   space 6656K, 0% used [0x00000000eca00000,0x00000000eca00000,0x00000000ed080000)
 ParOldGen       total 68608K, used 8447K [0x00000000c0000000, 0x00000000c4300000, 0x00000000eab00000)
  object space 68608K, 12% used [0x00000000c0000000,0x00000000c083fc90,0x00000000c4300000)
 Metaspace       used 15273K, committed 15808K, reserved 1114112K
  class space    used 1505K, committed 1728K, reserved 1048576K
}
Event: 55.046 GC heap before
{Heap before GC invocations=6 (full 0):
 PSYoungGen      total 29184K, used 29175K [0x00000000eab00000, 0x00000000ed080000, 0x0000000100000000)
  eden space 25088K, 100% used [0x00000000eab00000,0x00000000ec380000,0x00000000ec380000)
  from space 4096K, 99% used [0x00000000ec400000,0x00000000ec7fdc20,0x00000000ec800000)
  to   space 6656K, 0% used [0x00000000eca00000,0x00000000eca00000,0x00000000ed080000)
 ParOldGen       total 68608K, used 8447K [0x00000000c0000000, 0x00000000c4300000, 0x00000000eab00000)
  object space 68608K, 12% used [0x00000000c0000000,0x00000000c083fc90,0x00000000c4300000)
 Metaspace       used 18606K, committed 19328K, reserved 1114112K
  class space    used 1864K, committed 2176K, reserved 1048576K
}
Event: 55.063 GC heap after
{Heap after GC invocations=6 (full 0):
 PSYoungGen      total 30208K, used 5549K [0x00000000eab00000, 0x00000000ecf80000, 0x0000000100000000)
  eden space 24576K, 0% used [0x00000000eab00000,0x00000000eab00000,0x00000000ec300000)
  from space 5632K, 98% used [0x00000000eca00000,0x00000000ecf6b6b0,0x00000000ecf80000)
  to   space 6144K, 0% used [0x00000000ec380000,0x00000000ec380000,0x00000000ec980000)
 ParOldGen       total 68608K, used 8455K [0x00000000c0000000, 0x00000000c4300000, 0x00000000eab00000)
  object space 68608K, 12% used [0x00000000c0000000,0x00000000c0841c90,0x00000000c4300000)
 Metaspace       used 18606K, committed 19328K, reserved 1114112K
  class space    used 1864K, committed 2176K, reserved 1048576K
}
Event: 55.726 GC heap before
{Heap before GC invocations=7 (full 0):
 PSYoungGen      total 30208K, used 25896K [0x00000000eab00000, 0x00000000ecf80000, 0x0000000100000000)
  eden space 24576K, 82% used [0x00000000eab00000,0x00000000ebede9e8,0x00000000ec300000)
  from space 5632K, 98% used [0x00000000eca00000,0x00000000ecf6b6b0,0x00000000ecf80000)
  to   space 6144K, 0% used [0x00000000ec380000,0x00000000ec380000,0x00000000ec980000)
 ParOldGen       total 68608K, used 8455K [0x00000000c0000000, 0x00000000c4300000, 0x00000000eab00000)
  object space 68608K, 12% used [0x00000000c0000000,0x00000000c0841c90,0x00000000c4300000)
 Metaspace       used 20717K, committed 21504K, reserved 1114112K
  class space    used 2103K, committed 2432K, reserved 1048576K
}
Event: 55.737 GC heap after
{Heap after GC invocations=7 (full 0):
 PSYoungGen      total 28672K, used 4030K [0x00000000eab00000, 0x00000000ecd00000, 0x0000000100000000)
  eden space 24576K, 0% used [0x00000000eab00000,0x00000000eab00000,0x00000000ec300000)
  from space 4096K, 98% used [0x00000000ec380000,0x00000000ec76f848,0x00000000ec780000)
  to   space 5120K, 0% used [0x00000000ec800000,0x00000000ec800000,0x00000000ecd00000)
 ParOldGen       total 68608K, used 9871K [0x00000000c0000000, 0x00000000c4300000, 0x00000000eab00000)
  object space 68608K, 14% used [0x00000000c0000000,0x00000000c09a3e58,0x00000000c4300000)
 Metaspace       used 20717K, committed 21504K, reserved 1114112K
  class space    used 2103K, committed 2432K, reserved 1048576K
}
Event: 55.737 GC heap before
{Heap before GC invocations=8 (full 1):
 PSYoungGen      total 28672K, used 4030K [0x00000000eab00000, 0x00000000ecd00000, 0x0000000100000000)
  eden space 24576K, 0% used [0x00000000eab00000,0x00000000eab00000,0x00000000ec300000)
  from space 4096K, 98% used [0x00000000ec380000,0x00000000ec76f848,0x00000000ec780000)
  to   space 5120K, 0% used [0x00000000ec800000,0x00000000ec800000,0x00000000ecd00000)
 ParOldGen       total 68608K, used 9871K [0x00000000c0000000, 0x00000000c4300000, 0x00000000eab00000)
  object space 68608K, 14% used [0x00000000c0000000,0x00000000c09a3e58,0x00000000c4300000)
 Metaspace       used 20717K, committed 21504K, reserved 1114112K
  class space    used 2103K, committed 2432K, reserved 1048576K
}
Event: 55.806 GC heap after
{Heap after GC invocations=8 (full 1):
 PSYoungGen      total 28672K, used 0K [0x00000000eab00000, 0x00000000ecd00000, 0x0000000100000000)
  eden space 24576K, 0% used [0x00000000eab00000,0x00000000eab00000,0x00000000ec300000)
  from space 4096K, 0% used [0x00000000ec380000,0x00000000ec380000,0x00000000ec780000)
  to   space 5120K, 0% used [0x00000000ec800000,0x00000000ec800000,0x00000000ecd00000)
 ParOldGen       total 68608K, used 13011K [0x00000000c0000000, 0x00000000c4300000, 0x00000000eab00000)
  object space 68608K, 18% used [0x00000000c0000000,0x00000000c0cb4c48,0x00000000c4300000)
 Metaspace       used 20705K, committed 21504K, reserved 1114112K
  class space    used 2099K, committed 2432K, reserved 1048576K
}
Event: 56.296 GC heap before
{Heap before GC invocations=9 (full 1):
 PSYoungGen      total 28672K, used 24576K [0x00000000eab00000, 0x00000000ecd00000, 0x0000000100000000)
  eden space 24576K, 100% used [0x00000000eab00000,0x00000000ec300000,0x00000000ec300000)
  from space 4096K, 0% used [0x00000000ec380000,0x00000000ec380000,0x00000000ec780000)
  to   space 5120K, 0% used [0x00000000ec800000,0x00000000ec800000,0x00000000ecd00000)
 ParOldGen       total 68608K, used 13011K [0x00000000c0000000, 0x00000000c4300000, 0x00000000eab00000)
  object space 68608K, 18% used [0x00000000c0000000,0x00000000c0cb4c48,0x00000000c4300000)
 Metaspace       used 22923K, committed 23744K, reserved 1114112K
  class space    used 2281K, committed 2624K, reserved 1048576K
}
Event: 56.298 GC heap after
{Heap after GC invocations=9 (full 1):
 PSYoungGen      total 25088K, used 754K [0x00000000eab00000, 0x00000000ec900000, 0x0000000100000000)
  eden space 24064K, 0% used [0x00000000eab00000,0x00000000eab00000,0x00000000ec280000)
  from space 1024K, 73% used [0x00000000ec800000,0x00000000ec8bcbb0,0x00000000ec900000)
  to   space 2560K, 0% used [0x00000000ec400000,0x00000000ec400000,0x00000000ec680000)
 ParOldGen       total 68608K, used 13019K [0x00000000c0000000, 0x00000000c4300000, 0x00000000eab00000)
  object space 68608K, 18% used [0x00000000c0000000,0x00000000c0cb6c48,0x00000000c4300000)
 Metaspace       used 22923K, committed 23744K, reserved 1114112K
  class space    used 2281K, committed 2624K, reserved 1048576K
}
Event: 56.863 GC heap before
{Heap before GC invocations=10 (full 1):
 PSYoungGen      total 25088K, used 24806K [0x00000000eab00000, 0x00000000ec900000, 0x0000000100000000)
  eden space 24064K, 99% used [0x00000000eab00000,0x00000000ec27cd28,0x00000000ec280000)
  from space 1024K, 73% used [0x00000000ec800000,0x00000000ec8bcbb0,0x00000000ec900000)
  to   space 2560K, 0% used [0x00000000ec400000,0x00000000ec400000,0x00000000ec680000)
 ParOldGen       total 68608K, used 13019K [0x00000000c0000000, 0x00000000c4300000, 0x00000000eab00000)
  object space 68608K, 18% used [0x00000000c0000000,0x00000000c0cb6c48,0x00000000c4300000)
 Metaspace       used 26575K, committed 27520K, reserved 1114112K
  class space    used 2545K, committed 2944K, reserved 1048576K
}
Event: 56.865 GC heap after
{Heap after GC invocations=10 (full 1):
 PSYoungGen      total 26112K, used 1046K [0x00000000eab00000, 0x00000000ec880000, 0x0000000100000000)
  eden space 23552K, 0% used [0x00000000eab00000,0x00000000eab00000,0x00000000ec200000)
  from space 2560K, 40% used [0x00000000ec400000,0x00000000ec505b40,0x00000000ec680000)
  to   space 1536K, 0% used [0x00000000ec700000,0x00000000ec700000,0x00000000ec880000)
 ParOldGen       total 68608K, used 13019K [0x00000000c0000000, 0x00000000c4300000, 0x00000000eab00000)
  object space 68608K, 18% used [0x00000000c0000000,0x00000000c0cb6c48,0x00000000c4300000)
 Metaspace       used 26575K, committed 27520K, reserved 1114112K
  class space    used 2545K, committed 2944K, reserved 1048576K
}
Event: 57.342 GC heap before
{Heap before GC invocations=11 (full 1):
 PSYoungGen      total 26112K, used 24596K [0x00000000eab00000, 0x00000000ec880000, 0x0000000100000000)
  eden space 23552K, 99% used [0x00000000eab00000,0x00000000ec1ff670,0x00000000ec200000)
  from space 2560K, 40% used [0x00000000ec400000,0x00000000ec505b40,0x00000000ec680000)
  to   space 1536K, 0% used [0x00000000ec700000,0x00000000ec700000,0x00000000ec880000)
 ParOldGen       total 68608K, used 13019K [0x00000000c0000000, 0x00000000c4300000, 0x00000000eab00000)
  object space 68608K, 18% used [0x00000000c0000000,0x00000000c0cb6c48,0x00000000c4300000)
 Metaspace       used 27992K, committed 28928K, reserved 1114112K
  class space    used 2689K, committed 3072K, reserved 1048576K
}
Event: 57.347 GC heap after
{Heap after GC invocations=11 (full 1):
 PSYoungGen      total 24576K, used 1467K [0x00000000eab00000, 0x00000000ec880000, 0x0000000100000000)
  eden space 23040K, 0% used [0x00000000eab00000,0x00000000eab00000,0x00000000ec180000)
  from space 1536K, 95% used [0x00000000ec700000,0x00000000ec86eda0,0x00000000ec880000)
  to   space 2048K, 0% used [0x00000000ec480000,0x00000000ec480000,0x00000000ec680000)
 ParOldGen       total 68608K, used 14443K [0x00000000c0000000, 0x00000000c4300000, 0x00000000eab00000)
  object space 68608K, 21% used [0x00000000c0000000,0x00000000c0e1ac88,0x00000000c4300000)
 Metaspace       used 27992K, committed 28928K, reserved 1114112K
  class space    used 2689K, committed 3072K, reserved 1048576K
}

Dll operation events (10 events):
Event: 0.022 Loaded shared library c:\Users\ACER\.vscode\extensions\redhat.java-1.42.0-win32-x64\jre\21.0.7-win32-x86_64\bin\java.dll
Event: 0.526 Loaded shared library c:\Users\ACER\.vscode\extensions\redhat.java-1.42.0-win32-x64\jre\21.0.7-win32-x86_64\bin\zip.dll
Event: 0.640 Loaded shared library C:\Users\ACER\.vscode\extensions\redhat.java-1.42.0-win32-x64\jre\21.0.7-win32-x86_64\bin\instrument.dll
Event: 0.648 Loaded shared library C:\Users\ACER\.vscode\extensions\redhat.java-1.42.0-win32-x64\jre\21.0.7-win32-x86_64\bin\net.dll
Event: 0.655 Loaded shared library C:\Users\ACER\.vscode\extensions\redhat.java-1.42.0-win32-x64\jre\21.0.7-win32-x86_64\bin\nio.dll
Event: 0.662 Loaded shared library C:\Users\ACER\.vscode\extensions\redhat.java-1.42.0-win32-x64\jre\21.0.7-win32-x86_64\bin\zip.dll
Event: 0.714 Loaded shared library C:\Users\ACER\.vscode\extensions\redhat.java-1.42.0-win32-x64\jre\21.0.7-win32-x86_64\bin\jimage.dll
Event: 0.916 Loaded shared library c:\Users\ACER\.vscode\extensions\redhat.java-1.42.0-win32-x64\jre\21.0.7-win32-x86_64\bin\verify.dll
Event: 18.112 Loaded shared library C:\Users\ACER\AppData\Roaming\Code\User\globalStorage\redhat.java\1.42.0\config_win\org.eclipse.equinox.launcher\org.eclipse.equinox.launcher.win32.win32.x86_64_1.2.1300.v20250331-1702\eclipse_11911.dll
Event: 54.400 Loaded shared library C:\Users\ACER\AppData\Local\Temp\jna-2003023\jna14911390638878342481.dll

Deoptimization events (20 events):
Event: 57.545 Thread 0x000001c6745683c0 Uncommon trap: trap_request=0xffffffc6 fr.pc=0x000001c66a841b80 relative=0x0000000000000a20
Event: 57.545 Thread 0x000001c6745683c0 Uncommon trap: reason=bimorphic_or_optimized_type_check action=maybe_recompile pc=0x000001c66a841b80 method=java.util.HashMap.putVal(ILjava/lang/Object;Ljava/lang/Object;ZZ)Ljava/lang/Object; @ 56 c2
Event: 57.545 Thread 0x000001c6745683c0 DEOPT PACKING pc=0x000001c66a841b80 sp=0x0000001b0d3f9950
Event: 57.545 Thread 0x000001c6745683c0 DEOPT UNPACKING pc=0x000001c66a1c3aa2 sp=0x0000001b0d3f98b8 mode 2
Event: 57.712 Thread 0x000001c6745683c0 DEOPT PACKING pc=0x000001c6630ffbc4 sp=0x0000001b0d3fab00
Event: 57.712 Thread 0x000001c6745683c0 DEOPT UNPACKING pc=0x000001c66a1c4242 sp=0x0000001b0d3fa090 mode 0
Event: 57.713 Thread 0x000001c675766770 DEOPT PACKING pc=0x000001c6630ffcbc sp=0x0000001b0dafe650
Event: 57.713 Thread 0x000001c675766770 DEOPT UNPACKING pc=0x000001c66a1c4242 sp=0x0000001b0dafdbe0 mode 0
Event: 57.787 Thread 0x000001c6745683c0 Uncommon trap: trap_request=0xffffff45 fr.pc=0x000001c66a7b4d94 relative=0x0000000000000494
Event: 57.787 Thread 0x000001c6745683c0 Uncommon trap: reason=unstable_if action=reinterpret pc=0x000001c66a7b4d94 method=java.lang.AbstractStringBuilder.inflateIfNeededFor(Ljava/lang/String;)V @ 14 c2
Event: 57.788 Thread 0x000001c6745683c0 DEOPT PACKING pc=0x000001c66a7b4d94 sp=0x0000001b0d3fe460
Event: 57.788 Thread 0x000001c6745683c0 DEOPT UNPACKING pc=0x000001c66a1c3aa2 sp=0x0000001b0d3fe368 mode 2
Event: 57.788 Thread 0x000001c6745683c0 Uncommon trap: trap_request=0xffffff45 fr.pc=0x000001c66a8cb7cc relative=0x000000000000012c
Event: 57.788 Thread 0x000001c6745683c0 Uncommon trap: reason=unstable_if action=reinterpret pc=0x000001c66a8cb7cc method=java.lang.AbstractStringBuilder.isLatin1()Z @ 10 c2
Event: 57.788 Thread 0x000001c6745683c0 DEOPT PACKING pc=0x000001c66a8cb7cc sp=0x0000001b0d3fe3e0
Event: 57.788 Thread 0x000001c6745683c0 DEOPT UNPACKING pc=0x000001c66a1c3aa2 sp=0x0000001b0d3fe310 mode 2
Event: 57.788 Thread 0x000001c6745683c0 Uncommon trap: trap_request=0xffffff45 fr.pc=0x000001c66a7fc068 relative=0x0000000000000428
Event: 57.788 Thread 0x000001c6745683c0 Uncommon trap: reason=unstable_if action=reinterpret pc=0x000001c66a7fc068 method=java.lang.AbstractStringBuilder.isLatin1()Z @ 10 c2
Event: 57.788 Thread 0x000001c6745683c0 DEOPT PACKING pc=0x000001c66a7fc068 sp=0x0000001b0d3fe590
Event: 57.788 Thread 0x000001c6745683c0 DEOPT UNPACKING pc=0x000001c66a1c3aa2 sp=0x0000001b0d3fe4f8 mode 2

Classes loaded (20 events):
Event: 57.747 Loading class sun/reflect/generics/repository/GenericDeclRepository done
Event: 57.747 Loading class sun/reflect/generics/repository/ClassRepository done
Event: 57.747 Loading class sun/reflect/generics/tree/FormalTypeParameter
Event: 57.747 Loading class sun/reflect/generics/tree/FormalTypeParameter done
Event: 57.747 Loading class sun/reflect/generics/tree/ClassSignature
Event: 57.748 Loading class sun/reflect/generics/tree/Signature
Event: 57.748 Loading class sun/reflect/generics/tree/Signature done
Event: 57.748 Loading class sun/reflect/generics/tree/ClassSignature done
Event: 57.748 Loading class sun/reflect/annotation/TypeAnnotation$TypeAnnotationTarget
Event: 57.748 Loading class sun/reflect/annotation/TypeAnnotation$TypeAnnotationTarget done
Event: 57.748 Loading class sun/reflect/annotation/TypeAnnotation$LocationInfo
Event: 57.750 Loading class sun/reflect/annotation/TypeAnnotation$LocationInfo done
Event: 57.750 Loading class sun/reflect/annotation/TypeAnnotation$LocationInfo$Location
Event: 57.751 Loading class sun/reflect/annotation/TypeAnnotation$LocationInfo$Location done
Event: 57.751 Loading class sun/reflect/annotation/AnnotatedTypeFactory
Event: 57.751 Loading class sun/reflect/annotation/AnnotatedTypeFactory done
Event: 57.751 Loading class sun/reflect/annotation/AnnotatedTypeFactory$AnnotatedTypeBaseImpl
Event: 57.752 Loading class sun/reflect/annotation/AnnotatedTypeFactory$AnnotatedTypeBaseImpl done
Event: 57.796 Loading class java/lang/ProcessEnvironment
Event: 57.796 Loading class java/lang/ProcessEnvironment done

Classes unloaded (7 events):
Event: 55.748 Thread 0x000001c65fa4b8a0 Unloading class 0x000001c6011a4c00 'java/lang/invoke/LambdaForm$MH+0x000001c6011a4c00'
Event: 55.748 Thread 0x000001c65fa4b8a0 Unloading class 0x000001c6011a4800 'java/lang/invoke/LambdaForm$MH+0x000001c6011a4800'
Event: 55.748 Thread 0x000001c65fa4b8a0 Unloading class 0x000001c6011a4400 'java/lang/invoke/LambdaForm$MH+0x000001c6011a4400'
Event: 55.748 Thread 0x000001c65fa4b8a0 Unloading class 0x000001c6011a4000 'java/lang/invoke/LambdaForm$MH+0x000001c6011a4000'
Event: 55.748 Thread 0x000001c65fa4b8a0 Unloading class 0x000001c6011a3c00 'java/lang/invoke/LambdaForm$BMH+0x000001c6011a3c00'
Event: 55.748 Thread 0x000001c65fa4b8a0 Unloading class 0x000001c6011a3800 'java/lang/invoke/LambdaForm$DMH+0x000001c6011a3800'
Event: 55.748 Thread 0x000001c65fa4b8a0 Unloading class 0x000001c6011a2400 'java/lang/invoke/LambdaForm$DMH+0x000001c6011a2400'

Classes redefined (0 events):
No events

Internal exceptions (20 events):
Event: 56.919 Thread 0x000001c6757660e0 Exception <a 'java/lang/NoSuchMethodError'{0x00000000eae1a510}: 'int java.lang.invoke.DirectMethodHandle$Holder.invokeVirtual(java.lang.Object, java.lang.Object, java.lang.Object)'> (0x00000000eae1a510) 
thrown [s\src\hotspot\share\interpreter\linkResolver.cpp, line 773]
Event: 56.920 Thread 0x000001c6757660e0 Exception <a 'java/lang/NoSuchMethodError'{0x00000000eae1e488}: 'int java.lang.invoke.DirectMethodHandle$Holder.invokeStaticInit(java.lang.Object, int, int)'> (0x00000000eae1e488) 
thrown [s\src\hotspot\share\interpreter\linkResolver.cpp, line 773]
Event: 56.921 Thread 0x000001c6757660e0 Exception <a 'java/lang/NoSuchMethodError'{0x00000000eae2c170}: 'int java.lang.invoke.DirectMethodHandle$Holder.invokeStaticInit(java.lang.Object, long, long)'> (0x00000000eae2c170) 
thrown [s\src\hotspot\share\interpreter\linkResolver.cpp, line 773]
Event: 56.922 Thread 0x000001c6757660e0 Exception <a 'java/lang/NoSuchMethodError'{0x00000000eae32d60}: 'int java.lang.invoke.DirectMethodHandle$Holder.invokeStaticInit(java.lang.Object, float, float)'> (0x00000000eae32d60) 
thrown [s\src\hotspot\share\interpreter\linkResolver.cpp, line 773]
Event: 56.923 Thread 0x000001c6757660e0 Exception <a 'java/lang/NoSuchMethodError'{0x00000000eae39c60}: 'int java.lang.invoke.DirectMethodHandle$Holder.invokeStaticInit(java.lang.Object, double, double)'> (0x00000000eae39c60) 
thrown [s\src\hotspot\share\interpreter\linkResolver.cpp, line 773]
Event: 56.924 Thread 0x000001c6757660e0 Exception <a 'java/lang/NoSuchMethodError'{0x00000000eae3e2f8}: 'int java.lang.invoke.DirectMethodHandle$Holder.invokeStatic(java.lang.Object, long)'> (0x00000000eae3e2f8) 
thrown [s\src\hotspot\share\interpreter\linkResolver.cpp, line 773]
Event: 56.928 Thread 0x000001c675767490 Exception <a 'java/lang/NoSuchMethodError'{0x00000000eae28d40}: 'int java.lang.invoke.DirectMethodHandle$Holder.invokeSpecial(java.lang.Object, java.lang.Object, int, int)'> (0x00000000eae28d40) 
thrown [s\src\hotspot\share\interpreter\linkResolver.cpp, line 773]
Event: 56.933 Thread 0x000001c6757660e0 Exception <a 'java/lang/NoSuchMethodError'{0x00000000eae5fff0}: 'int java.lang.invoke.Invokers$Holder.linkToTargetMethod(java.lang.Object, java.lang.Object)'> (0x00000000eae5fff0) 
thrown [s\src\hotspot\share\interpreter\linkResolver.cpp, line 773]
Event: 56.933 Thread 0x000001c675767490 Exception <a 'java/lang/NoSuchMethodError'{0x00000000eae64660}: 'int java.lang.invoke.Invokers$Holder.linkToTargetMethod(java.lang.Object, java.lang.Object)'> (0x00000000eae64660) 
thrown [s\src\hotspot\share\interpreter\linkResolver.cpp, line 773]
Event: 56.934 Thread 0x000001c6757660e0 Implicit null exception at 0x000001c66a8249bd to 0x000001c66a824a32
Event: 56.934 Thread 0x000001c675767490 Implicit null exception at 0x000001c66a8249bd to 0x000001c66a824a32
Event: 56.945 Thread 0x000001c6757660e0 Exception <a 'java/lang/NoSuchMethodError'{0x00000000eaeaeeb0}: 'int java.lang.invoke.DirectMethodHandle$Holder.invokeSpecial(java.lang.Object, java.lang.Object, java.lang.Object, java.lang.Object)'> (0x00000000eaeaeeb0) 
thrown [s\src\hotspot\share\interpreter\linkResolver.cpp, line 773]
Event: 56.951 Thread 0x000001c6757660e0 Exception <a 'java/lang/NoSuchMethodError'{0x00000000eaeda140}: 'java.lang.Object java.lang.invoke.DirectMethodHandle$Holder.invokeStatic(java.lang.Object, int, java.lang.Object, java.lang.Object)'> (0x00000000eaeda140) 
thrown [s\src\hotspot\share\interpreter\linkResolver.cpp, line 773]
Event: 56.952 Thread 0x000001c6757660e0 Exception <a 'java/lang/NoSuchMethodError'{0x00000000eaf0b4c0}: 'java.lang.Object java.lang.invoke.DelegatingMethodHandle$Holder.delegate(java.lang.Object, int, java.lang.Object, java.lang.Object)'> (0x00000000eaf0b4c0) 
thrown [s\src\hotspot\share\interpreter\linkResolver.cpp, line 773]
Event: 56.968 Thread 0x000001c6757660e0 Exception <a 'java/lang/NoSuchMethodError'{0x00000000eafc3348}: 'int java.lang.invoke.Invokers$Holder.linkToTargetMethod(java.lang.Object, java.lang.Object, java.lang.Object)'> (0x00000000eafc3348) 
thrown [s\src\hotspot\share\interpreter\linkResolver.cpp, line 773]
Event: 57.040 Thread 0x000001c6745683c0 Exception <a 'java/io/FileNotFoundException'{0x00000000eb98e5b8}> (0x00000000eb98e5b8) 
thrown [s\src\hotspot\share\prims\jni.cpp, line 520]
Event: 57.091 Thread 0x000001c675767490 Exception <a 'java/lang/NoSuchMethodError'{0x00000000ebaa9680}: 'java.lang.Object java.lang.invoke.DirectMethodHandle$Holder.invokeSpecialIFC(java.lang.Object, java.lang.Object, java.lang.Object, java.lang.Object)'> (0x00000000ebaa9680) 
thrown [s\src\hotspot\share\interpreter\linkResolver.cpp, line 773]
Event: 57.663 Thread 0x000001c6745683c0 Exception <a 'java/lang/ClassNotFoundException'{0x00000000eb37a770}: com/sun/org/apache/xerces/internal/impl/msg/spi/DOMMessagesProvider> (0x00000000eb37a770) 
thrown [s\src\hotspot\share\classfile\systemDictionary.cpp, line 312]
Event: 57.666 Thread 0x000001c6745683c0 Exception <a 'java/lang/ClassNotFoundException'{0x00000000eb38bed8}: com/sun/org/apache/xerces/internal/impl/msg/spi/XMLSerializerMessagesProvider> (0x00000000eb38bed8) 
thrown [s\src\hotspot\share\classfile\systemDictionary.cpp, line 312]
Event: 57.668 Thread 0x000001c6745683c0 Exception <a 'java/lang/ClassNotFoundException'{0x00000000eb399158}: com/sun/org/apache/xerces/internal/impl/msg/spi/XMLMessagesProvider> (0x00000000eb399158) 
thrown [s\src\hotspot\share\classfile\systemDictionary.cpp, line 312]

ZGC Phase Switch (0 events):
No events

VM Operations (20 events):
Event: 55.063 Executing VM operation: ParallelGCFailedAllocation (Allocation Failure) done
Event: 55.550 Executing VM operation: HandshakeAllThreads (Deoptimize)
Event: 55.550 Executing VM operation: HandshakeAllThreads (Deoptimize) done
Event: 55.726 Executing VM operation: CollectForMetadataAllocation (Metadata GC Threshold)
Event: 55.806 Executing VM operation: CollectForMetadataAllocation (Metadata GC Threshold) done
Event: 55.909 Executing VM operation: HandshakeAllThreads (Deoptimize)
Event: 55.909 Executing VM operation: HandshakeAllThreads (Deoptimize) done
Event: 56.088 Executing VM operation: HandshakeAllThreads (Deoptimize)
Event: 56.089 Executing VM operation: HandshakeAllThreads (Deoptimize) done
Event: 56.295 Executing VM operation: ParallelGCFailedAllocation (Allocation Failure)
Event: 56.298 Executing VM operation: ParallelGCFailedAllocation (Allocation Failure) done
Event: 56.858 Executing VM operation: ParallelGCFailedAllocation (Allocation Failure)
Event: 56.865 Executing VM operation: ParallelGCFailedAllocation (Allocation Failure) done
Event: 56.941 Executing VM operation: HandshakeAllThreads (Deoptimize)
Event: 56.943 Executing VM operation: HandshakeAllThreads (Deoptimize) done
Event: 57.342 Executing VM operation: ParallelGCFailedAllocation (Allocation Failure)
Event: 57.347 Executing VM operation: ParallelGCFailedAllocation (Allocation Failure) done
Event: 57.465 Executing VM operation: HandshakeAllThreads (Deoptimize)
Event: 57.474 Executing VM operation: HandshakeAllThreads (Deoptimize) done
Event: 57.797 Executing VM operation: HandshakeAllThreads (Deoptimize)

Memory protections (0 events):
No events

Nmethod flushes (0 events):
No events

Events (20 events):
Event: 42.229 Thread 0x000001c67a937480 Thread exited: 0x000001c67a937480
Event: 50.068 Thread 0x000001c6745683c0 Thread added: 0x000001c67a8431e0
Event: 50.233 Thread 0x000001c6745683c0 Thread added: 0x000001c674562ba0
Event: 51.462 Thread 0x000001c6745504b0 Thread added: 0x000001c67a1e4db0
Event: 51.592 Thread 0x000001c67a1e4db0 Thread exited: 0x000001c67a1e4db0
Event: 52.117 Thread 0x000001c6745683c0 Thread added: 0x000001c675765a50
Event: 53.335 Thread 0x000001c6745504b0 Thread added: 0x000001c67a31a330
Event: 53.526 Thread 0x000001c67a31a330 Thread exited: 0x000001c67a31a330
Event: 54.454 Thread 0x000001c6745683c0 Thread added: 0x000001c675766e00
Event: 54.475 Thread 0x000001c6745504b0 Thread added: 0x000001c6752774f0
Event: 54.552 Thread 0x000001c6745683c0 Thread added: 0x000001c675766770
Event: 54.611 Thread 0x000001c6745683c0 Thread added: 0x000001c675767490
Event: 54.855 Thread 0x000001c675767490 Thread added: 0x000001c6757660e0
Event: 55.670 Thread 0x000001c6752774f0 Thread exited: 0x000001c6752774f0
Event: 56.006 Thread 0x000001c6745504b0 Thread added: 0x000001c67a434160
Event: 56.437 Thread 0x000001c67a434160 Thread exited: 0x000001c67a434160
Event: 56.921 Thread 0x000001c675767490 Thread added: 0x000001c675764010
Event: 56.931 Thread 0x000001c6745504b0 Thread added: 0x000001c67a994560
Event: 57.711 Thread 0x000001c6745683c0 Thread added: 0x000001c675764d30
Event: 57.712 Thread 0x000001c675764010 Thread added: 0x000001c6757653c0


Dynamic libraries:
0x00007ff637130000 - 0x00007ff63713e000 	c:\Users\ACER\.vscode\extensions\redhat.java-1.42.0-win32-x64\jre\21.0.7-win32-x86_64\bin\java.exe
0x00007ffec53a0000 - 0x00007ffec5603000 	C:\WINDOWS\SYSTEM32\ntdll.dll
0x00007ffec3aa0000 - 0x00007ffec3b67000 	C:\WINDOWS\System32\KERNEL32.DLL
0x00007ffec2910000 - 0x00007ffec2cd7000 	C:\WINDOWS\System32\KERNELBASE.dll
0x00007ffec2dc0000 - 0x00007ffec2f0c000 	C:\WINDOWS\System32\ucrtbase.dll
0x00007ffe973f0000 - 0x00007ffe97408000 	c:\Users\ACER\.vscode\extensions\redhat.java-1.42.0-win32-x64\jre\21.0.7-win32-x86_64\bin\jli.dll
0x00007ffec4c80000 - 0x00007ffec4e49000 	C:\WINDOWS\System32\USER32.dll
0x00007ffec2ce0000 - 0x00007ffec2d07000 	C:\WINDOWS\System32\win32u.dll
0x00007ffec4540000 - 0x00007ffec456a000 	C:\WINDOWS\System32\GDI32.dll
0x00007ffec2740000 - 0x00007ffec286b000 	C:\WINDOWS\System32\gdi32full.dll
0x00007ffec2d10000 - 0x00007ffec2db3000 	C:\WINDOWS\System32\msvcp_win.dll
0x00007ffe7dfb0000 - 0x00007ffe7dfce000 	c:\Users\ACER\.vscode\extensions\redhat.java-1.42.0-win32-x64\jre\21.0.7-win32-x86_64\bin\VCRUNTIME140.dll
0x00007ffeb2b70000 - 0x00007ffeb2e00000 	C:\WINDOWS\WinSxS\amd64_microsoft.windows.common-controls_6595b64144ccf1df_6.0.26100.3037_none_3e09262ce333c378\COMCTL32.dll
0x00007ffec4080000 - 0x00007ffec4129000 	C:\WINDOWS\System32\msvcrt.dll
0x00007ffec3cd0000 - 0x00007ffec3cff000 	C:\WINDOWS\System32\IMM32.DLL
0x00007ffeb8c60000 - 0x00007ffeb8c6c000 	c:\Users\ACER\.vscode\extensions\redhat.java-1.42.0-win32-x64\jre\21.0.7-win32-x86_64\bin\vcruntime140_1.dll
0x00007ffe61380000 - 0x00007ffe6140d000 	c:\Users\ACER\.vscode\extensions\redhat.java-1.42.0-win32-x64\jre\21.0.7-win32-x86_64\bin\msvcp140.dll
0x00007ffe247f0000 - 0x00007ffe25580000 	c:\Users\ACER\.vscode\extensions\redhat.java-1.42.0-win32-x64\jre\21.0.7-win32-x86_64\bin\server\jvm.dll
0x00007ffec4390000 - 0x00007ffec4444000 	C:\WINDOWS\System32\ADVAPI32.dll
0x00007ffec5220000 - 0x00007ffec52c6000 	C:\WINDOWS\System32\sechost.dll
0x00007ffec5100000 - 0x00007ffec5216000 	C:\WINDOWS\System32\RPCRT4.dll
0x00007ffec4f70000 - 0x00007ffec4fe4000 	C:\WINDOWS\System32\WS2_32.dll
0x00007ffec25d0000 - 0x00007ffec261e000 	C:\WINDOWS\SYSTEM32\POWRPROF.dll
0x00007ffebbdd0000 - 0x00007ffebbe06000 	C:\WINDOWS\SYSTEM32\WINMM.dll
0x00007ffebbe10000 - 0x00007ffebbe1b000 	C:\WINDOWS\SYSTEM32\VERSION.dll
0x00007ffec25b0000 - 0x00007ffec25c4000 	C:\WINDOWS\SYSTEM32\UMPDC.dll
0x00007ffec1570000 - 0x00007ffec158a000 	C:\WINDOWS\SYSTEM32\kernel.appcore.dll
0x00007ffe8e3a0000 - 0x00007ffe8e3aa000 	c:\Users\ACER\.vscode\extensions\redhat.java-1.42.0-win32-x64\jre\21.0.7-win32-x86_64\bin\jimage.dll
0x00007ffeb7f20000 - 0x00007ffeb8161000 	C:\WINDOWS\SYSTEM32\DBGHELP.DLL
0x00007ffec3670000 - 0x00007ffec39ee000 	C:\WINDOWS\System32\combase.dll
0x00007ffec4ff0000 - 0x00007ffec50c6000 	C:\WINDOWS\System32\OLEAUT32.dll
0x00007ffea99a0000 - 0x00007ffea99d9000 	C:\WINDOWS\SYSTEM32\dbgcore.DLL
0x00007ffec2870000 - 0x00007ffec2909000 	C:\WINDOWS\System32\bcryptPrimitives.dll
0x00007ffe8da90000 - 0x00007ffe8da9f000 	c:\Users\ACER\.vscode\extensions\redhat.java-1.42.0-win32-x64\jre\21.0.7-win32-x86_64\bin\instrument.dll
0x00007ffe7dab0000 - 0x00007ffe7dacf000 	c:\Users\ACER\.vscode\extensions\redhat.java-1.42.0-win32-x64\jre\21.0.7-win32-x86_64\bin\java.dll
0x00007ffec4570000 - 0x00007ffec4c74000 	C:\WINDOWS\System32\SHELL32.dll
0x00007ffec0430000 - 0x00007ffec0c67000 	C:\WINDOWS\SYSTEM32\windows.storage.dll
0x00007ffec4450000 - 0x00007ffec4539000 	C:\WINDOWS\System32\SHCORE.dll
0x00007ffec3d10000 - 0x00007ffec3d6d000 	C:\WINDOWS\System32\shlwapi.dll
0x00007ffec2650000 - 0x00007ffec267e000 	C:\WINDOWS\SYSTEM32\profapi.dll
0x00007ffe78750000 - 0x00007ffe78768000 	c:\Users\ACER\.vscode\extensions\redhat.java-1.42.0-win32-x64\jre\21.0.7-win32-x86_64\bin\zip.dll
0x00007ffe78740000 - 0x00007ffe78750000 	C:\Users\ACER\.vscode\extensions\redhat.java-1.42.0-win32-x64\jre\21.0.7-win32-x86_64\bin\net.dll
0x00007ffeb8d80000 - 0x00007ffeb8e9e000 	C:\WINDOWS\SYSTEM32\WINHTTP.dll
0x00007ffec1a80000 - 0x00007ffec1aea000 	C:\WINDOWS\system32\mswsock.dll
0x00007ffe747e0000 - 0x00007ffe747f6000 	C:\Users\ACER\.vscode\extensions\redhat.java-1.42.0-win32-x64\jre\21.0.7-win32-x86_64\bin\nio.dll
0x00007ffe77e10000 - 0x00007ffe77e20000 	c:\Users\ACER\.vscode\extensions\redhat.java-1.42.0-win32-x64\jre\21.0.7-win32-x86_64\bin\verify.dll
0x00007ffe73290000 - 0x00007ffe732d5000 	C:\Users\ACER\AppData\Roaming\Code\User\globalStorage\redhat.java\1.42.0\config_win\org.eclipse.equinox.launcher\org.eclipse.equinox.launcher.win32.win32.x86_64_1.2.1300.v20250331-1702\eclipse_11911.dll
0x00007ffec4130000 - 0x00007ffec42c5000 	C:\WINDOWS\System32\ole32.dll
0x00007ffec1d20000 - 0x00007ffec1d3c000 	C:\WINDOWS\SYSTEM32\CRYPTSP.dll
0x00007ffec14d0000 - 0x00007ffec1508000 	C:\WINDOWS\system32\rsaenh.dll
0x00007ffec1b20000 - 0x00007ffec1b4b000 	C:\WINDOWS\SYSTEM32\USERENV.dll
0x00007ffec1f60000 - 0x00007ffec1f86000 	C:\WINDOWS\SYSTEM32\bcrypt.dll
0x00007ffec1d40000 - 0x00007ffec1d4c000 	C:\WINDOWS\SYSTEM32\CRYPTBASE.dll
0x00007ffec1020000 - 0x00007ffec1052000 	C:\WINDOWS\SYSTEM32\IPHLPAPI.DLL
0x00007ffec3d70000 - 0x00007ffec3d7a000 	C:\WINDOWS\System32\NSI.dll
0x00007ffe73500000 - 0x00007ffe73549000 	C:\Users\ACER\AppData\Local\Temp\jna-2003023\jna14911390638878342481.dll
0x00007ffec4f60000 - 0x00007ffec4f68000 	C:\WINDOWS\System32\PSAPI.DLL

dbghelp: loaded successfully - version: 4.0.5 - missing functions: none
symbol engine: initialized successfully - sym options: 0x614 - pdb path: .;c:\Users\ACER\.vscode\extensions\redhat.java-1.42.0-win32-x64\jre\21.0.7-win32-x86_64\bin;C:\WINDOWS\SYSTEM32;C:\WINDOWS\WinSxS\amd64_microsoft.windows.common-controls_6595b64144ccf1df_6.0.26100.3037_none_3e09262ce333c378;c:\Users\ACER\.vscode\extensions\redhat.java-1.42.0-win32-x64\jre\21.0.7-win32-x86_64\bin\server;C:\Users\ACER\AppData\Roaming\Code\User\globalStorage\redhat.java\1.42.0\config_win\org.eclipse.equinox.launcher\org.eclipse.equinox.launcher.win32.win32.x86_64_1.2.1300.v20250331-1702;C:\Users\ACER\AppData\Local\Temp\jna-2003023

VM Arguments:
jvm_args: --add-modules=ALL-SYSTEM --add-opens=java.base/java.util=ALL-UNNAMED --add-opens=java.base/java.lang=ALL-UNNAMED --add-opens=java.base/sun.nio.fs=ALL-UNNAMED -Declipse.application=org.eclipse.jdt.ls.core.id1 -Dosgi.bundles.defaultStartLevel=4 -Declipse.product=org.eclipse.jdt.ls.core.product -Djava.import.generatesMetadataFilesAtProjectRoot=false -DDetectVMInstallationsJob.disabled=true -Dfile.encoding=utf8 -XX:+UseParallelGC -XX:GCTimeRatio=4 -XX:AdaptiveSizePolicyWeight=90 -Dsun.zip.disableMemoryMapping=true -Xmx1G -Xms100m -Xlog:disable -javaagent:c:\Users\ACER\.vscode\extensions\redhat.java-1.42.0-win32-x64\lombok\lombok-1.18.36.jar -XX:+HeapDumpOnOutOfMemoryError -XX:HeapDumpPath=c:\Users\ACER\AppData\Roaming\Code\User\workspaceStorage\ad1ce73b0a7d8f95e3ffd31a788ce84a\redhat.java -Daether.dependencyCollector.impl=bf 
java_command: c:\Users\ACER\.vscode\extensions\redhat.java-1.42.0-win32-x64\server\plugins\org.eclipse.equinox.launcher_1.7.0.v20250424-1814.jar -configuration c:\Users\ACER\AppData\Roaming\Code\User\globalStorage\redhat.java\1.42.0\config_win -data c:\Users\ACER\AppData\Roaming\Code\User\workspaceStorage\ad1ce73b0a7d8f95e3ffd31a788ce84a\redhat.java\jdt_ws --pipe=\\.\pipe\lsp-555cc35dae508a607cf113b370c87a49-sock
java_class_path (initial): c:\Users\ACER\.vscode\extensions\redhat.java-1.42.0-win32-x64\server\plugins\org.eclipse.equinox.launcher_1.7.0.v20250424-1814.jar
Launcher Type: SUN_STANDARD

[Global flags]
    uintx AdaptiveSizePolicyWeight                 = 90                                        {product} {command line}
     intx CICompilerCount                          = 3                                         {product} {ergonomic}
    uintx GCTimeRatio                              = 4                                         {product} {command line}
     bool HeapDumpOnOutOfMemoryError               = true                                   {manageable} {command line}
    ccstr HeapDumpPath                             = c:\Users\ACER\AppData\Roaming\Code\User\workspaceStorage\ad1ce73b0a7d8f95e3ffd31a788ce84a\redhat.java         {manageable} {command line}
   size_t InitialHeapSize                          = 104857600                                 {product} {command line}
   size_t MaxHeapSize                              = 1073741824                                {product} {command line}
   size_t MaxNewSize                               = 357564416                                 {product} {ergonomic}
   size_t MinHeapDeltaBytes                        = 524288                                    {product} {ergonomic}
   size_t MinHeapSize                              = 104857600                                 {product} {command line}
   size_t NewSize                                  = 34603008                                  {product} {ergonomic}
    uintx NonNMethodCodeHeapSize                   = 5832780                                {pd product} {ergonomic}
    uintx NonProfiledCodeHeapSize                  = 122912730                              {pd product} {ergonomic}
   size_t OldSize                                  = 70254592                                  {product} {ergonomic}
    uintx ProfiledCodeHeapSize                     = 122912730                              {pd product} {ergonomic}
    uintx ReservedCodeCacheSize                    = 251658240                              {pd product} {ergonomic}
     bool SegmentedCodeCache                       = true                                      {product} {ergonomic}
   size_t SoftMaxHeapSize                          = 1073741824                             {manageable} {ergonomic}
     bool UseCompressedOops                        = true                           {product lp64_product} {ergonomic}
     bool UseLargePagesIndividualAllocation        = false                                  {pd product} {ergonomic}
     bool UseParallelGC                            = true                                      {product} {command line}

Logging:
Log output configuration:
 #0: stdout all=off uptime,level,tags foldmultilines=false
 #1: stderr all=off uptime,level,tags foldmultilines=false

Environment Variables:
JAVA_HOME=C:\Program Files\Java\jdk-23
PATH=C:\Program Files\Common Files\Oracle\Java\javapath;C:\WINDOWS\system32;C:\WINDOWS;C:\WINDOWS\System32\Wbem;C:\WINDOWS\System32\WindowsPowerShell\v1.0\;C:\WINDOWS\System32\OpenSSH\;C:\Program Files\dotnet\;C:\Program Files\Java\jdk-23\bin;C:\Program Files\Git\cmd;C:\Program Files\nodejs;C:\Users\ACER\AppData\Roaming\npm;C:\Users\ACER\AppData\Local\Programs\Microsoft VS Code\bin;C:\Users\ACER\AppData\Local\Microsoft\WindowsApps;C:\Program Files\Java\jdk-23\bin;C:\Users\ACER\AppData\Roaming\npm;C:\Program Files\Apache Maven\apache-maven-3.9.9\bin;C:\Users\ACER\AppData\Local\Programs\Microsoft VS Code\bin
USERNAME=ACER
OS=Windows_NT
PROCESSOR_IDENTIFIER=AMD64 Family 23 Model 24 Stepping 1, AuthenticAMD
TMP=C:\Users\ACER\AppData\Local\Temp
TEMP=C:\Users\ACER\AppData\Local\Temp




Periodic native trim disabled

---------------  S Y S T E M  ---------------

OS:
 Windows 11 , 64 bit Build 26100 (10.0.26100.3037)
OS uptime: 1 days 6:41 hours
Hyper-V role detected

CPU: total 4 (initial active 4) (4 cores per cpu, 2 threads per core) family 23 model 24 stepping 1 microcode 0x8108109, cx8, cmov, fxsr, ht, mmx, 3dnowpref, sse, sse2, sse3, ssse3, sse4a, sse4.1, sse4.2, popcnt, lzcnt, tsc, tscinvbit, avx, avx2, aes, clmul, bmi1, bmi2, adx, sha, fma, vzeroupper, clflush, clflushopt, hv, rdtscp, f16c
Processor Information for the first 4 processors :
  Max Mhz: 2600, Current Mhz: 2600, Mhz Limit: 2600

Memory: 4k page, system-wide physical 6081M (631M free)
TotalPageFile size 10177M (AvailPageFile size 5M)
current process WorkingSet (physical memory assigned to process): 184M, peak: 184M
current process commit charge ("private bytes"): 266M, peak: 266M

vm_info: OpenJDK 64-Bit Server VM (21.0.7+6-LTS) for windows-amd64 JRE (21.0.7+6-LTS), built on 2025-04-15T00:00:00Z by "admin" with MS VC++ 17.7 (VS2022)

END.
